mode: set
github.com/iimmutable/cc-modelrouter/internal/interceptor/max_token.go:24.46,68.2 1 1
github.com/iimmutable/cc-modelrouter/internal/interceptor/max_token.go:76.52,80.2 1 1
github.com/iimmutable/cc-modelrouter/internal/interceptor/max_token.go:83.84,87.2 1 1
github.com/iimmutable/cc-modelrouter/internal/interceptor/max_token.go:90.99,91.24 1 1
github.com/iimmutable/cc-modelrouter/internal/interceptor/max_token.go:91.24,93.3 1 1
github.com/iimmutable/cc-modelrouter/internal/interceptor/max_token.go:95.2,96.27 2 1
github.com/iimmutable/cc-modelrouter/internal/interceptor/max_token.go:96.27,101.3 3 1
github.com/iimmutable/cc-modelrouter/internal/interceptor/max_token.go:103.2,103.12 1 1
github.com/iimmutable/cc-modelrouter/internal/interceptor/max_token.go:108.66,110.50 1 1
github.com/iimmutable/cc-modelrouter/internal/interceptor/max_token.go:110.50,112.3 1 1
github.com/iimmutable/cc-modelrouter/internal/interceptor/max_token.go:115.2,118.109 2 1
github.com/iimmutable/cc-modelrouter/internal/interceptor/max_token.go:118.109,119.60 1 0
github.com/iimmutable/cc-modelrouter/internal/interceptor/max_token.go:119.60,121.4 1 0
github.com/iimmutable/cc-modelrouter/internal/interceptor/max_token.go:123.2,123.48 1 1
github.com/iimmutable/cc-modelrouter/internal/interceptor/max_token.go:123.48,126.3 1 0
github.com/iimmutable/cc-modelrouter/internal/interceptor/max_token.go:127.2,127.45 1 1
github.com/iimmutable/cc-modelrouter/internal/interceptor/max_token.go:127.45,129.3 1 1
github.com/iimmutable/cc-modelrouter/internal/interceptor/max_token.go:130.2,130.46 1 1
github.com/iimmutable/cc-modelrouter/internal/interceptor/max_token.go:130.46,131.42 1 1
github.com/iimmutable/cc-modelrouter/internal/interceptor/max_token.go:131.42,133.4 1 0
github.com/iimmutable/cc-modelrouter/internal/interceptor/max_token.go:134.3,134.14 1 1
github.com/iimmutable/cc-modelrouter/internal/interceptor/max_token.go:136.2,136.44 1 1
github.com/iimmutable/cc-modelrouter/internal/interceptor/max_token.go:136.44,137.42 1 1
github.com/iimmutable/cc-modelrouter/internal/interceptor/max_token.go:137.42,139.4 1 0
github.com/iimmutable/cc-modelrouter/internal/interceptor/max_token.go:140.3,140.14 1 1
github.com/iimmutable/cc-modelrouter/internal/interceptor/max_token.go:142.2,142.49 1 1
github.com/iimmutable/cc-modelrouter/internal/interceptor/max_token.go:142.49,144.3 1 1
github.com/iimmutable/cc-modelrouter/internal/interceptor/max_token.go:145.2,145.96 1 1
github.com/iimmutable/cc-modelrouter/internal/interceptor/max_token.go:145.96,147.3 1 0
github.com/iimmutable/cc-modelrouter/internal/interceptor/max_token.go:148.2,148.43 1 1
github.com/iimmutable/cc-modelrouter/internal/interceptor/max_token.go:148.43,150.54 1 1
github.com/iimmutable/cc-modelrouter/internal/interceptor/max_token.go:150.54,152.4 1 1
github.com/iimmutable/cc-modelrouter/internal/interceptor/max_token.go:154.2,154.44 1 1
github.com/iimmutable/cc-modelrouter/internal/interceptor/max_token.go:154.44,156.55 1 1
github.com/iimmutable/cc-modelrouter/internal/interceptor/max_token.go:156.55,158.4 1 1
github.com/iimmutable/cc-modelrouter/internal/interceptor/max_token.go:162.2,162.30 1 1
github.com/iimmutable/cc-modelrouter/internal/interceptor/reasoning.go:25.48,31.2 1 1
github.com/iimmutable/cc-modelrouter/internal/interceptor/reasoning.go:39.54,43.2 1 1
github.com/iimmutable/cc-modelrouter/internal/interceptor/reasoning.go:46.87,50.2 1 1
github.com/iimmutable/cc-modelrouter/internal/interceptor/reasoning.go:53.127,54.52 1 1
github.com/iimmutable/cc-modelrouter/internal/interceptor/reasoning.go:54.52,56.3 1 1
github.com/iimmutable/cc-modelrouter/internal/interceptor/reasoning.go:60.2,60.32 1 1
github.com/iimmutable/cc-modelrouter/internal/interceptor/reasoning.go:60.32,61.79 1 1
github.com/iimmutable/cc-modelrouter/internal/interceptor/reasoning.go:61.79,65.36 2 1
github.com/iimmutable/cc-modelrouter/internal/interceptor/reasoning.go:65.36,68.5 2 1
github.com/iimmutable/cc-modelrouter/internal/interceptor/reasoning.go:72.2,72.12 1 1
github.com/iimmutable/cc-modelrouter/internal/interceptor/reasoning.go:77.148,78.52 1 1
github.com/iimmutable/cc-modelrouter/internal/interceptor/reasoning.go:78.52,80.3 1 1
github.com/iimmutable/cc-modelrouter/internal/interceptor/reasoning.go:83.2,84.53 2 1
github.com/iimmutable/cc-modelrouter/internal/interceptor/reasoning.go:84.53,86.3 1 1
github.com/iimmutable/cc-modelrouter/internal/interceptor/reasoning.go:89.2,89.82 1 1
github.com/iimmutable/cc-modelrouter/internal/interceptor/reasoning.go:89.82,90.55 1 1
github.com/iimmutable/cc-modelrouter/internal/interceptor/reasoning.go:90.55,91.84 1 1
github.com/iimmutable/cc-modelrouter/internal/interceptor/reasoning.go:91.84,93.91 1 1
github.com/iimmutable/cc-modelrouter/internal/interceptor/reasoning.go:93.91,96.6 2 1
github.com/iimmutable/cc-modelrouter/internal/interceptor/reasoning.go:102.2,102.82 1 1
github.com/iimmutable/cc-modelrouter/internal/interceptor/reasoning.go:102.82,103.70 1 1
github.com/iimmutable/cc-modelrouter/internal/interceptor/reasoning.go:103.70,104.85 1 1
github.com/iimmutable/cc-modelrouter/internal/interceptor/reasoning.go:104.85,107.5 1 1
github.com/iimmutable/cc-modelrouter/internal/interceptor/reasoning.go:111.2,111.18 1 1
github.com/iimmutable/cc-modelrouter/internal/interceptor/reasoning.go:116.84,117.20 1 1
github.com/iimmutable/cc-modelrouter/internal/interceptor/reasoning.go:117.20,119.3 1 1
github.com/iimmutable/cc-modelrouter/internal/interceptor/reasoning.go:122.2,122.83 1 1
github.com/iimmutable/cc-modelrouter/internal/interceptor/reasoning.go:122.83,124.3 1 1
github.com/iimmutable/cc-modelrouter/internal/interceptor/reasoning.go:127.2,130.25 2 1
github.com/iimmutable/cc-modelrouter/internal/interceptor/reasoning.go:130.25,134.3 3 1
github.com/iimmutable/cc-modelrouter/internal/interceptor/reasoning.go:134.8,136.3 1 1
github.com/iimmutable/cc-modelrouter/internal/interceptor/reasoning.go:138.2,140.15 3 1
github.com/iimmutable/cc-modelrouter/internal/interceptor/reasoning.go:145.93,148.37 2 1
github.com/iimmutable/cc-modelrouter/internal/interceptor/reasoning.go:148.37,149.55 1 1
github.com/iimmutable/cc-modelrouter/internal/interceptor/reasoning.go:149.55,151.4 1 1
github.com/iimmutable/cc-modelrouter/internal/interceptor/reasoning.go:154.2,154.31 1 1
github.com/iimmutable/cc-modelrouter/internal/interceptor/reasoning.go:154.31,156.3 1 1
github.com/iimmutable/cc-modelrouter/internal/interceptor/reasoning.go:158.2,158.44 1 1
github.com/iimmutable/cc-modelrouter/internal/interceptor/reasoning.go:162.87,163.82 1 1
github.com/iimmutable/cc-modelrouter/internal/interceptor/reasoning.go:163.82,164.53 1 1
github.com/iimmutable/cc-modelrouter/internal/interceptor/reasoning.go:164.53,166.4 1 1
github.com/iimmutable/cc-modelrouter/internal/interceptor/reasoning.go:170.2,170.59 1 1
github.com/iimmutable/cc-modelrouter/internal/interceptor/reasoning.go:170.59,173.70 2 1
github.com/iimmutable/cc-modelrouter/internal/interceptor/reasoning.go:173.70,174.55 1 1
github.com/iimmutable/cc-modelrouter/internal/interceptor/reasoning.go:174.55,176.5 1 1
github.com/iimmutable/cc-modelrouter/internal/interceptor/reasoning.go:180.2,180.11 1 1
github.com/iimmutable/cc-modelrouter/internal/interceptor/reasoning.go:184.99,186.53 2 1
github.com/iimmutable/cc-modelrouter/internal/interceptor/reasoning.go:186.53,188.3 1 1
github.com/iimmutable/cc-modelrouter/internal/interceptor/reasoning.go:191.2,191.82 1 1
github.com/iimmutable/cc-modelrouter/internal/interceptor/reasoning.go:191.82,192.55 1 1
github.com/iimmutable/cc-modelrouter/internal/interceptor/reasoning.go:192.55,193.70 1 1
github.com/iimmutable/cc-modelrouter/internal/interceptor/reasoning.go:193.70,195.5 1 1
github.com/iimmutable/cc-modelrouter/internal/interceptor/reasoning.go:200.2,200.70 1 1
github.com/iimmutable/cc-modelrouter/internal/interceptor/reasoning.go:200.70,201.51 1 1
github.com/iimmutable/cc-modelrouter/internal/interceptor/reasoning.go:201.51,203.4 1 1
github.com/iimmutable/cc-modelrouter/internal/interceptor/reasoning.go:206.2,206.16 1 1
github.com/iimmutable/cc-modelrouter/internal/interceptor/tool_enhance.go:27.52,34.2 1 1
github.com/iimmutable/cc-modelrouter/internal/interceptor/tool_enhance.go:42.58,46.2 1 1
github.com/iimmutable/cc-modelrouter/internal/interceptor/tool_enhance.go:49.93,53.2 1 1
github.com/iimmutable/cc-modelrouter/internal/interceptor/tool_enhance.go:56.102,57.46 1 1
github.com/iimmutable/cc-modelrouter/internal/interceptor/tool_enhance.go:57.46,59.3 1 1
github.com/iimmutable/cc-modelrouter/internal/interceptor/tool_enhance.go:61.2,63.35 2 1
github.com/iimmutable/cc-modelrouter/internal/interceptor/tool_enhance.go:63.35,68.60 3 1
github.com/iimmutable/cc-modelrouter/internal/interceptor/tool_enhance.go:68.60,71.4 2 1
github.com/iimmutable/cc-modelrouter/internal/interceptor/tool_enhance.go:74.3,74.35 1 1
github.com/iimmutable/cc-modelrouter/internal/interceptor/tool_enhance.go:74.35,77.4 2 1
github.com/iimmutable/cc-modelrouter/internal/interceptor/tool_enhance.go:80.3,80.30 1 1
github.com/iimmutable/cc-modelrouter/internal/interceptor/tool_enhance.go:80.30,83.4 2 1
github.com/iimmutable/cc-modelrouter/internal/interceptor/tool_enhance.go:85.3,85.15 1 1
github.com/iimmutable/cc-modelrouter/internal/interceptor/tool_enhance.go:85.15,88.4 2 1
github.com/iimmutable/cc-modelrouter/internal/interceptor/tool_enhance.go:91.2,91.12 1 1
github.com/iimmutable/cc-modelrouter/internal/interceptor/tool_enhance.go:95.86,97.50 1 1
github.com/iimmutable/cc-modelrouter/internal/interceptor/tool_enhance.go:97.50,98.70 1 1
github.com/iimmutable/cc-modelrouter/internal/interceptor/tool_enhance.go:98.70,100.4 1 1
github.com/iimmutable/cc-modelrouter/internal/interceptor/tool_enhance.go:104.2,105.21 2 1
github.com/iimmutable/cc-modelrouter/internal/interceptor/tool_enhance.go:105.21,107.3 1 1
github.com/iimmutable/cc-modelrouter/internal/interceptor/tool_enhance.go:110.2,111.29 2 1
github.com/iimmutable/cc-modelrouter/internal/interceptor/tool_enhance.go:111.29,112.17 1 1
github.com/iimmutable/cc-modelrouter/internal/interceptor/tool_enhance.go:112.17,114.4 1 1
github.com/iimmutable/cc-modelrouter/internal/interceptor/tool_enhance.go:117.2,117.116 1 1
github.com/iimmutable/cc-modelrouter/internal/interceptor/tool_enhance.go:121.66,123.9 2 1
github.com/iimmutable/cc-modelrouter/internal/interceptor/tool_enhance.go:123.9,125.3 1 0
github.com/iimmutable/cc-modelrouter/internal/interceptor/tool_enhance.go:128.2,129.30 2 1
github.com/iimmutable/cc-modelrouter/internal/interceptor/tool_enhance.go:129.30,131.3 1 1
github.com/iimmutable/cc-modelrouter/internal/interceptor/tool_enhance.go:134.2,134.43 1 1
github.com/iimmutable/cc-modelrouter/internal/interceptor/tool_enhance.go:134.43,135.30 1 1
github.com/iimmutable/cc-modelrouter/internal/interceptor/tool_enhance.go:136.14,138.18 1 1
github.com/iimmutable/cc-modelrouter/internal/interceptor/tool_enhance.go:138.18,139.43 1 1
github.com/iimmutable/cc-modelrouter/internal/interceptor/tool_enhance.go:139.43,141.6 1 1
github.com/iimmutable/cc-modelrouter/internal/interceptor/tool_enhance.go:143.23,145.46 1 1
github.com/iimmutable/cc-modelrouter/internal/interceptor/tool_enhance.go:145.46,147.5 1 1
github.com/iimmutable/cc-modelrouter/internal/interceptor/tool_enhance.go:152.2,152.69 1 1
github.com/iimmutable/cc-modelrouter/internal/interceptor/tool_enhance.go:152.69,154.48 2 1
github.com/iimmutable/cc-modelrouter/internal/interceptor/tool_enhance.go:154.48,156.4 1 1
github.com/iimmutable/cc-modelrouter/internal/interceptor/tool_enhance.go:157.3,157.45 1 1
github.com/iimmutable/cc-modelrouter/internal/interceptor/tool_enhance.go:160.2,160.19 1 1
github.com/iimmutable/cc-modelrouter/internal/interceptor/tool_enhance.go:164.71,166.9 2 1
github.com/iimmutable/cc-modelrouter/internal/interceptor/tool_enhance.go:166.9,168.3 1 0
github.com/iimmutable/cc-modelrouter/internal/interceptor/tool_enhance.go:171.2,172.30 2 1
github.com/iimmutable/cc-modelrouter/internal/interceptor/tool_enhance.go:172.30,174.3 1 1
github.com/iimmutable/cc-modelrouter/internal/interceptor/tool_enhance.go:177.2,177.46 1 1
github.com/iimmutable/cc-modelrouter/internal/interceptor/tool_enhance.go:177.46,178.64 1 1
github.com/iimmutable/cc-modelrouter/internal/interceptor/tool_enhance.go:178.64,180.4 1 1
github.com/iimmutable/cc-modelrouter/internal/interceptor/tool_enhance.go:184.2,184.67 1 1
github.com/iimmutable/cc-modelrouter/internal/interceptor/tool_enhance.go:184.67,186.48 2 1
github.com/iimmutable/cc-modelrouter/internal/interceptor/tool_enhance.go:186.48,188.4 1 1
github.com/iimmutable/cc-modelrouter/internal/interceptor/tool_enhance.go:189.3,189.41 1 1
github.com/iimmutable/cc-modelrouter/internal/interceptor/tool_enhance.go:193.2,193.40 1 1
github.com/iimmutable/cc-modelrouter/internal/interceptor/tool_enhance.go:193.40,195.3 1 1
github.com/iimmutable/cc-modelrouter/internal/interceptor/tool_enhance.go:197.2,197.17 1 1
github.com/iimmutable/cc-modelrouter/internal/interceptor/tool_enhance.go:201.71,203.9 2 1
github.com/iimmutable/cc-modelrouter/internal/interceptor/tool_enhance.go:203.9,205.3 1 1
github.com/iimmutable/cc-modelrouter/internal/interceptor/tool_enhance.go:208.2,208.46 1 1
github.com/iimmutable/cc-modelrouter/internal/interceptor/tool_enhance.go:208.46,210.3 1 1
github.com/iimmutable/cc-modelrouter/internal/interceptor/tool_enhance.go:210.8,210.52 1 1
github.com/iimmutable/cc-modelrouter/internal/interceptor/tool_enhance.go:210.52,212.3 1 1
github.com/iimmutable/cc-modelrouter/internal/interceptor/tool_enhance.go:212.8,212.32 1 1
github.com/iimmutable/cc-modelrouter/internal/interceptor/tool_enhance.go:212.32,215.3 1 1
github.com/iimmutable/cc-modelrouter/internal/interceptor/tool_enhance.go:218.2,219.9 2 1
github.com/iimmutable/cc-modelrouter/internal/interceptor/tool_enhance.go:219.9,221.3 1 0
github.com/iimmutable/cc-modelrouter/internal/interceptor/tool_enhance.go:224.2,224.47 1 1
github.com/iimmutable/cc-modelrouter/internal/interceptor/tool_enhance.go:224.47,225.66 1 1
github.com/iimmutable/cc-modelrouter/internal/interceptor/tool_enhance.go:225.66,227.4 1 0
github.com/iimmutable/cc-modelrouter/internal/interceptor/tool_enhance.go:230.2,230.12 1 1
github.com/iimmutable/cc-modelrouter/internal/interceptor/tool_enhance.go:234.82,236.9 2 1
github.com/iimmutable/cc-modelrouter/internal/interceptor/tool_enhance.go:236.9,238.3 1 0
github.com/iimmutable/cc-modelrouter/internal/interceptor/tool_enhance.go:241.2,242.9 2 1
github.com/iimmutable/cc-modelrouter/internal/interceptor/tool_enhance.go:242.9,244.3 1 1
github.com/iimmutable/cc-modelrouter/internal/interceptor/tool_enhance.go:246.2,247.9 2 1
github.com/iimmutable/cc-modelrouter/internal/interceptor/tool_enhance.go:247.9,249.3 1 0
github.com/iimmutable/cc-modelrouter/internal/interceptor/tool_enhance.go:252.2,252.24 1 1
github.com/iimmutable/cc-modelrouter/internal/interceptor/tool_enhance.go:252.24,254.10 2 1
github.com/iimmutable/cc-modelrouter/internal/interceptor/tool_enhance.go:254.10,256.4 1 1
github.com/iimmutable/cc-modelrouter/internal/interceptor/tool_enhance.go:257.3,257.50 1 1
github.com/iimmutable/cc-modelrouter/internal/interceptor/tool_enhance.go:261.2,261.25 1 1
github.com/iimmutable/cc-modelrouter/internal/interceptor/tool_enhance.go:261.25,262.64 1 1
github.com/iimmutable/cc-modelrouter/internal/interceptor/tool_enhance.go:262.64,263.44 1 1
github.com/iimmutable/cc-modelrouter/internal/interceptor/tool_enhance.go:263.44,264.77 1 0
github.com/iimmutable/cc-modelrouter/internal/interceptor/tool_enhance.go:264.77,266.6 1 0
github.com/iimmutable/cc-modelrouter/internal/interceptor/tool_enhance.go:271.2,271.12 1 1
github.com/iimmutable/cc-modelrouter/internal/interceptor/tool_enhance.go:275.73,277.53 1 1
github.com/iimmutable/cc-modelrouter/internal/interceptor/tool_enhance.go:277.53,279.3 1 1
github.com/iimmutable/cc-modelrouter/internal/interceptor/tool_enhance.go:282.2,286.52 3 1
github.com/iimmutable/cc-modelrouter/internal/interceptor/tool_enhance.go:286.52,288.3 1 0
github.com/iimmutable/cc-modelrouter/internal/interceptor/tool_enhance.go:290.2,290.19 1 1
github.com/iimmutable/cc-modelrouter/internal/interceptor/tool_enhance.go:295.79,296.23 1 1
github.com/iimmutable/cc-modelrouter/internal/interceptor/tool_enhance.go:296.23,298.3 1 1
github.com/iimmutable/cc-modelrouter/internal/interceptor/tool_enhance.go:300.2,300.23 1 1
github.com/iimmutable/cc-modelrouter/internal/interceptor/tool_enhance.go:300.23,302.3 1 1
github.com/iimmutable/cc-modelrouter/internal/interceptor/tool_enhance.go:305.2,312.33 3 1
github.com/iimmutable/cc-modelrouter/internal/interceptor/tool_enhance.go:312.33,314.10 2 1
github.com/iimmutable/cc-modelrouter/internal/interceptor/tool_enhance.go:314.10,316.4 1 0
github.com/iimmutable/cc-modelrouter/internal/interceptor/tool_enhance.go:319.3,319.64 1 1
github.com/iimmutable/cc-modelrouter/internal/interceptor/tool_enhance.go:319.64,320.28 1 1
github.com/iimmutable/cc-modelrouter/internal/interceptor/tool_enhance.go:320.28,322.5 1 1
github.com/iimmutable/cc-modelrouter/internal/interceptor/tool_enhance.go:326.3,326.57 1 1
github.com/iimmutable/cc-modelrouter/internal/interceptor/tool_enhance.go:326.57,327.36 1 0
github.com/iimmutable/cc-modelrouter/internal/interceptor/tool_enhance.go:327.36,328.43 1 0
github.com/iimmutable/cc-modelrouter/internal/interceptor/tool_enhance.go:328.43,330.6 1 0
github.com/iimmutable/cc-modelrouter/internal/interceptor/tool_enhance.go:335.2,335.23 1 1
github.com/iimmutable/cc-modelrouter/internal/interceptor/tool_enhance.go:335.23,337.3 1 0
github.com/iimmutable/cc-modelrouter/internal/interceptor/tool_enhance.go:339.2,339.20 1 1
github.com/iimmutable/cc-modelrouter/internal/interceptor/tool_enhance.go:343.68,345.2 1 1
github.com/iimmutable/cc-modelrouter/internal/interceptor/tool_enhance.go:353.91,355.57 2 1
github.com/iimmutable/cc-modelrouter/internal/interceptor/tool_enhance.go:355.57,358.20 2 1
github.com/iimmutable/cc-modelrouter/internal/interceptor/tool_enhance.go:358.20,360.4 1 0
github.com/iimmutable/cc-modelrouter/internal/interceptor/tool_enhance.go:361.3,361.64 1 1
github.com/iimmutable/cc-modelrouter/internal/interceptor/tool_enhance.go:361.64,363.4 1 1
github.com/iimmutable/cc-modelrouter/internal/interceptor/tool_enhance.go:365.2,365.20 1 1
github.com/iimmutable/cc-modelrouter/internal/interceptor/tool_enhance.go:369.69,381.2 7 1
github.com/iimmutable/cc-modelrouter/internal/router/engine.go:43.44,45.2 1 1
github.com/iimmutable/cc-modelrouter/internal/router/engine.go:48.55,50.9 1 1
github.com/iimmutable/cc-modelrouter/internal/router/engine.go:51.24,52.75 1 1
github.com/iimmutable/cc-modelrouter/internal/router/engine.go:52.75,54.4 1 1
github.com/iimmutable/cc-modelrouter/internal/router/engine.go:56.38,58.75 1 1
github.com/iimmutable/cc-modelrouter/internal/router/engine.go:58.75,60.4 1 1
github.com/iimmutable/cc-modelrouter/internal/router/engine.go:62.3,62.74 1 1
github.com/iimmutable/cc-modelrouter/internal/router/engine.go:62.74,64.4 1 1
github.com/iimmutable/cc-modelrouter/internal/router/engine.go:66.3,66.70 1 1
github.com/iimmutable/cc-modelrouter/internal/router/engine.go:66.70,68.4 1 1
github.com/iimmutable/cc-modelrouter/internal/router/engine.go:70.37,72.74 1 1
github.com/iimmutable/cc-modelrouter/internal/router/engine.go:72.74,74.4 1 1
github.com/iimmutable/cc-modelrouter/internal/router/engine.go:76.3,76.70 1 1
github.com/iimmutable/cc-modelrouter/internal/router/engine.go:76.70,78.4 1 1
github.com/iimmutable/cc-modelrouter/internal/router/engine.go:80.36,81.70 1 1
github.com/iimmutable/cc-modelrouter/internal/router/engine.go:81.70,83.4 1 1
github.com/iimmutable/cc-modelrouter/internal/router/engine.go:85.21,86.70 1 1
github.com/iimmutable/cc-modelrouter/internal/router/engine.go:86.70,88.4 1 1
github.com/iimmutable/cc-modelrouter/internal/router/engine.go:90.24,91.74 1 1
github.com/iimmutable/cc-modelrouter/internal/router/engine.go:91.74,93.4 1 1
github.com/iimmutable/cc-modelrouter/internal/router/engine.go:95.45,96.76 1 1
github.com/iimmutable/cc-modelrouter/internal/router/engine.go:96.76,98.4 1 1
github.com/iimmutable/cc-modelrouter/internal/router/engine.go:101.2,101.18 1 1
github.com/iimmutable/cc-modelrouter/internal/router/engine.go:105.68,107.9 2 1
github.com/iimmutable/cc-modelrouter/internal/router/engine.go:107.9,109.3 1 1
github.com/iimmutable/cc-modelrouter/internal/router/engine.go:110.2,110.33 1 1
github.com/iimmutable/cc-modelrouter/internal/router/failover.go:18.40,18.73 1 0
github.com/iimmutable/cc-modelrouter/internal/router/failover.go:19.40,19.70 1 0
github.com/iimmutable/cc-modelrouter/internal/router/failover.go:30.58,32.29 2 0
github.com/iimmutable/cc-modelrouter/internal/router/failover.go:32.29,34.3 1 0
github.com/iimmutable/cc-modelrouter/internal/router/failover.go:36.2,41.3 1 0
github.com/iimmutable/cc-modelrouter/internal/router/failover.go:45.57,52.2 1 1
github.com/iimmutable/cc-modelrouter/internal/router/failover.go:56.34,57.33 1 1
github.com/iimmutable/cc-modelrouter/internal/router/failover.go:57.33,59.3 1 1
github.com/iimmutable/cc-modelrouter/internal/router/failover.go:61.2,65.15 4 1
github.com/iimmutable/cc-modelrouter/internal/router/failover.go:69.35,71.2 1 1
github.com/iimmutable/cc-modelrouter/internal/router/failover.go:74.38,76.2 1 1
github.com/iimmutable/cc-modelrouter/internal/router/failover.go:79.35,81.2 1 0
github.com/iimmutable/cc-modelrouter/internal/provider/client.go:28.31,36.2 1 1
github.com/iimmutable/cc-modelrouter/internal/provider/http.go:19.56,20.23 1 1
github.com/iimmutable/cc-modelrouter/internal/provider/http.go:20.23,22.3 1 1
github.com/iimmutable/cc-modelrouter/internal/provider/http.go:24.2,25.23 2 1
github.com/iimmutable/cc-modelrouter/internal/provider/http.go:25.23,27.3 1 1
github.com/iimmutable/cc-modelrouter/internal/provider/http.go:28.2,28.27 1 1
github.com/iimmutable/cc-modelrouter/internal/provider/http.go:28.27,30.3 1 1
github.com/iimmutable/cc-modelrouter/internal/provider/http.go:31.2,31.31 1 1
github.com/iimmutable/cc-modelrouter/internal/provider/http.go:31.31,33.3 1 1
github.com/iimmutable/cc-modelrouter/internal/provider/http.go:34.2,34.25 1 1
github.com/iimmutable/cc-modelrouter/internal/provider/http.go:34.25,36.3 1 1
github.com/iimmutable/cc-modelrouter/internal/provider/http.go:37.2,37.25 1 1
github.com/iimmutable/cc-modelrouter/internal/provider/http.go:37.25,39.3 1 1
github.com/iimmutable/cc-modelrouter/internal/provider/http.go:41.2,58.8 4 1
github.com/iimmutable/cc-modelrouter/internal/provider/http.go:64.65,68.21 3 0
github.com/iimmutable/cc-modelrouter/internal/provider/http.go:68.21,70.3 1 0
github.com/iimmutable/cc-modelrouter/internal/provider/http.go:71.2,72.21 2 0
github.com/iimmutable/cc-modelrouter/internal/provider/http.go:72.21,74.3 1 0
github.com/iimmutable/cc-modelrouter/internal/provider/http.go:76.2,96.8 2 0
github.com/iimmutable/cc-modelrouter/internal/provider/http.go:100.68,103.55 2 1
github.com/iimmutable/cc-modelrouter/internal/provider/http.go:103.55,104.18 1 1
github.com/iimmutable/cc-modelrouter/internal/provider/http.go:104.18,108.26 1 1
github.com/iimmutable/cc-modelrouter/internal/provider/http.go:108.26,110.19 2 0
github.com/iimmutable/cc-modelrouter/internal/provider/http.go:110.19,112.14 2 0
github.com/iimmutable/cc-modelrouter/internal/provider/http.go:114.5,114.23 1 0
github.com/iimmutable/cc-modelrouter/internal/provider/http.go:117.4,117.11 1 1
github.com/iimmutable/cc-modelrouter/internal/provider/http.go:118.36,118.36 0 1
github.com/iimmutable/cc-modelrouter/internal/provider/http.go:119.32,120.36 1 1
github.com/iimmutable/cc-modelrouter/internal/provider/http.go:124.3,125.17 2 1
github.com/iimmutable/cc-modelrouter/internal/provider/http.go:125.17,127.12 2 1
github.com/iimmutable/cc-modelrouter/internal/provider/http.go:131.3,131.29 1 1
github.com/iimmutable/cc-modelrouter/internal/provider/http.go:131.29,134.12 3 1
github.com/iimmutable/cc-modelrouter/internal/provider/http.go:137.3,137.19 1 1
github.com/iimmutable/cc-modelrouter/internal/provider/http.go:140.2,140.61 1 1
github.com/iimmutable/cc-modelrouter/internal/provider/http.go:144.100,146.2 1 1
github.com/iimmutable/cc-modelrouter/internal/config/loader.go:12.32,15.2 2 0
github.com/iimmutable/cc-modelrouter/internal/config/loader.go:18.51,20.2 1 0
github.com/iimmutable/cc-modelrouter/internal/config/loader.go:23.41,25.16 2 1
github.com/iimmutable/cc-modelrouter/internal/config/loader.go:25.16,27.3 1 0
github.com/iimmutable/cc-modelrouter/internal/config/loader.go:30.2,33.35 2 1
github.com/iimmutable/cc-modelrouter/internal/config/loader.go:33.35,35.3 1 0
github.com/iimmutable/cc-modelrouter/internal/config/loader.go:37.2,38.62 2 1
github.com/iimmutable/cc-modelrouter/internal/config/loader.go:38.62,40.3 1 0
github.com/iimmutable/cc-modelrouter/internal/config/loader.go:42.2,42.17 1 1
github.com/iimmutable/cc-modelrouter/internal/config/loader.go:46.68,48.48 2 0
github.com/iimmutable/cc-modelrouter/internal/config/loader.go:48.48,50.17 2 0
github.com/iimmutable/cc-modelrouter/internal/config/loader.go:50.17,52.4 1 0
github.com/iimmutable/cc-modelrouter/internal/config/loader.go:53.3,53.29 1 0
github.com/iimmutable/cc-modelrouter/internal/config/loader.go:56.2,57.47 2 0
github.com/iimmutable/cc-modelrouter/internal/config/loader.go:57.47,59.17 2 0
github.com/iimmutable/cc-modelrouter/internal/config/loader.go:59.17,61.4 1 0
github.com/iimmutable/cc-modelrouter/internal/config/loader.go:62.3,62.28 1 0
github.com/iimmutable/cc-modelrouter/internal/config/loader.go:65.2,65.54 1 0
github.com/iimmutable/cc-modelrouter/internal/config/loader.go:69.43,72.47 2 0
github.com/iimmutable/cc-modelrouter/internal/config/loader.go:72.47,74.3 1 0
github.com/iimmutable/cc-modelrouter/internal/config/loader.go:76.2,77.16 2 0
github.com/iimmutable/cc-modelrouter/internal/config/loader.go:77.16,79.3 1 0
github.com/iimmutable/cc-modelrouter/internal/config/loader.go:82.2,82.55 1 0
github.com/iimmutable/cc-modelrouter/internal/config/loader.go:82.55,84.3 1 0
github.com/iimmutable/cc-modelrouter/internal/config/loader.go:86.2,86.12 1 0
github.com/iimmutable/cc-modelrouter/internal/config/loader.go:91.54,96.6 3 1
github.com/iimmutable/cc-modelrouter/internal/config/loader.go:96.6,98.18 2 1
github.com/iimmutable/cc-modelrouter/internal/config/loader.go:98.18,99.9 1 1
github.com/iimmutable/cc-modelrouter/internal/config/loader.go:101.3,102.16 2 1
github.com/iimmutable/cc-modelrouter/internal/config/loader.go:102.16,103.9 1 0
github.com/iimmutable/cc-modelrouter/internal/config/loader.go:105.3,109.21 4 1
github.com/iimmutable/cc-modelrouter/internal/config/loader.go:109.21,111.4 1 0
github.com/iimmutable/cc-modelrouter/internal/config/loader.go:112.3,112.54 1 1
github.com/iimmutable/cc-modelrouter/internal/config/loader.go:116.2,117.29 2 1
github.com/iimmutable/cc-modelrouter/internal/config/loader.go:117.29,118.67 1 1
github.com/iimmutable/cc-modelrouter/internal/config/loader.go:118.67,123.22 4 0
github.com/iimmutable/cc-modelrouter/internal/config/loader.go:123.22,125.5 1 0
github.com/iimmutable/cc-modelrouter/internal/config/loader.go:125.10,127.5 1 0
github.com/iimmutable/cc-modelrouter/internal/config/loader.go:131.2,131.25 1 1
github.com/iimmutable/cc-modelrouter/internal/config/types.go:69.44,70.21 1 1
github.com/iimmutable/cc-modelrouter/internal/config/types.go:70.21,72.3 1 1
github.com/iimmutable/cc-modelrouter/internal/config/types.go:73.2,73.22 1 1
github.com/iimmutable/cc-modelrouter/internal/config/types.go:73.22,75.3 1 0
github.com/iimmutable/cc-modelrouter/internal/config/types.go:76.2,76.25 1 1
github.com/iimmutable/cc-modelrouter/internal/config/types.go:76.25,78.3 1 0
github.com/iimmutable/cc-modelrouter/internal/config/types.go:79.2,79.12 1 1
github.com/iimmutable/cc-modelrouter/internal/config/types.go:115.55,116.23 1 0
github.com/iimmutable/cc-modelrouter/internal/config/types.go:116.23,118.3 1 0
github.com/iimmutable/cc-modelrouter/internal/config/types.go:120.2,121.16 2 0
github.com/iimmutable/cc-modelrouter/internal/config/types.go:121.16,123.3 1 0
github.com/iimmutable/cc-modelrouter/internal/config/types.go:125.2,125.66 1 0
github.com/iimmutable/cc-modelrouter/internal/config/types.go:130.84,131.23 1 0
github.com/iimmutable/cc-modelrouter/internal/config/types.go:131.23,133.3 1 0
github.com/iimmutable/cc-modelrouter/internal/config/types.go:135.2,136.16 2 0
github.com/iimmutable/cc-modelrouter/internal/config/types.go:136.16,138.3 1 0
github.com/iimmutable/cc-modelrouter/internal/config/types.go:140.2,140.79 1 0
github.com/iimmutable/cc-modelrouter/internal/config/types.go:144.49,146.2 1 0
github.com/iimmutable/cc-modelrouter/internal/config/types.go:149.52,151.2 1 0
github.com/iimmutable/cc-modelrouter/internal/config/types.go:154.43,156.2 1 1
github.com/iimmutable/cc-modelrouter/internal/config/types.go:159.46,160.20 1 1
github.com/iimmutable/cc-modelrouter/internal/config/types.go:160.20,162.3 1 1
github.com/iimmutable/cc-modelrouter/internal/config/types.go:163.2,163.32 1 1
github.com/iimmutable/cc-modelrouter/internal/config/types.go:167.60,168.24 1 0
github.com/iimmutable/cc-modelrouter/internal/config/types.go:169.16,170.24 1 0
github.com/iimmutable/cc-modelrouter/internal/config/types.go:171.16,172.24 1 0
github.com/iimmutable/cc-modelrouter/internal/config/types.go:173.18,176.17 2 0
github.com/iimmutable/cc-modelrouter/internal/config/types.go:176.17,178.4 1 0
github.com/iimmutable/cc-modelrouter/internal/config/types.go:180.3,180.66 1 0
github.com/iimmutable/cc-modelrouter/internal/config/types.go:180.66,182.4 1 0
github.com/iimmutable/cc-modelrouter/internal/config/types.go:183.3,183.73 1 0
github.com/iimmutable/cc-modelrouter/internal/config/types.go:184.10,186.73 1 0
github.com/iimmutable/cc-modelrouter/internal/config/types.go:186.73,188.4 1 0
github.com/iimmutable/cc-modelrouter/internal/config/types.go:189.3,189.80 1 0
github.com/iimmutable/cc-modelrouter/internal/config/types.go:192.55,194.16 2 0
github.com/iimmutable/cc-modelrouter/internal/config/types.go:194.16,196.3 1 0
github.com/iimmutable/cc-modelrouter/internal/config/types.go:197.2,197.10 1 0
github.com/iimmutable/cc-modelrouter/internal/config/types.go:208.45,212.29 3 1
github.com/iimmutable/cc-modelrouter/internal/config/types.go:212.29,214.17 2 1
github.com/iimmutable/cc-modelrouter/internal/config/types.go:214.17,215.12 1 0
github.com/iimmutable/cc-modelrouter/internal/config/types.go:218.3,219.30 2 1
github.com/iimmutable/cc-modelrouter/internal/config/types.go:219.30,220.12 1 0
github.com/iimmutable/cc-modelrouter/internal/config/types.go:223.3,226.5 1 1
github.com/iimmutable/cc-modelrouter/internal/config/types.go:229.2,229.16 1 1
github.com/iimmutable/cc-modelrouter/internal/config/types.go:233.25,247.2 1 1
github.com/iimmutable/cc-modelrouter/internal/config/types.go:250.35,251.11 1 0
github.com/iimmutable/cc-modelrouter/internal/config/types.go:252.18,253.17 1 0
github.com/iimmutable/cc-modelrouter/internal/config/types.go:254.17,255.16 1 0
github.com/iimmutable/cc-modelrouter/internal/config/types.go:256.17,257.16 1 0
github.com/iimmutable/cc-modelrouter/internal/config/types.go:258.18,259.17 1 0
github.com/iimmutable/cc-modelrouter/internal/config/types.go:260.10,261.19 1 0
github.com/iimmutable/cc-modelrouter/internal/config/types.go:268.53,270.2 1 0
github.com/iimmutable/cc-modelrouter/internal/config/types.go:275.39,276.47 1 1
github.com/iimmutable/cc-modelrouter/internal/config/types.go:277.15,278.20 1 1
github.com/iimmutable/cc-modelrouter/internal/config/types.go:279.14,280.19 1 1
github.com/iimmutable/cc-modelrouter/internal/config/types.go:281.14,282.19 1 1
github.com/iimmutable/cc-modelrouter/internal/config/types.go:283.15,284.20 1 1
github.com/iimmutable/cc-modelrouter/internal/config/types.go:285.10,286.19 1 0
github.com/iimmutable/cc-modelrouter/internal/cli/adapters.go:15.61,17.2 1 1
github.com/iimmutable/cc-modelrouter/internal/cli/adapters.go:20.69,22.2 1 1
github.com/iimmutable/cc-modelrouter/internal/cli/adapters.go:25.75,27.2 1 1
github.com/iimmutable/cc-modelrouter/internal/cli/adapters.go:35.74,37.2 1 1
github.com/iimmutable/cc-modelrouter/internal/cli/adapters.go:40.77,42.2 1 1
github.com/iimmutable/cc-modelrouter/internal/cli/clean.go:11.39,38.2 3 1
github.com/iimmutable/cc-modelrouter/internal/cli/clean.go:40.56,45.16 3 0
github.com/iimmutable/cc-modelrouter/internal/cli/clean.go:45.16,47.3 1 0
github.com/iimmutable/cc-modelrouter/internal/cli/clean.go:49.2,49.25 1 0
github.com/iimmutable/cc-modelrouter/internal/cli/clean.go:49.25,52.3 2 0
github.com/iimmutable/cc-modelrouter/internal/cli/clean.go:54.2,55.33 2 0
github.com/iimmutable/cc-modelrouter/internal/cli/clean.go:55.33,58.19 2 0
github.com/iimmutable/cc-modelrouter/internal/cli/clean.go:58.19,59.57 1 0
github.com/iimmutable/cc-modelrouter/internal/cli/clean.go:59.57,61.5 1 0
github.com/iimmutable/cc-modelrouter/internal/cli/clean.go:61.10,64.5 2 0
github.com/iimmutable/cc-modelrouter/internal/cli/clean.go:68.2,68.18 1 0
github.com/iimmutable/cc-modelrouter/internal/cli/clean.go:68.18,70.3 1 0
github.com/iimmutable/cc-modelrouter/internal/cli/clean.go:70.8,72.3 1 0
github.com/iimmutable/cc-modelrouter/internal/cli/clean.go:74.2,74.12 1 0
github.com/iimmutable/cc-modelrouter/internal/cli/code.go:28.38,69.2 5 1
github.com/iimmutable/cc-modelrouter/internal/cli/code.go:71.55,78.16 4 0
github.com/iimmutable/cc-modelrouter/internal/cli/code.go:78.16,80.3 1 0
github.com/iimmutable/cc-modelrouter/internal/cli/code.go:83.2,85.22 3 0
github.com/iimmutable/cc-modelrouter/internal/cli/code.go:85.22,87.17 2 0
github.com/iimmutable/cc-modelrouter/internal/cli/code.go:87.17,89.4 1 0
github.com/iimmutable/cc-modelrouter/internal/cli/code.go:90.3,90.24 1 0
github.com/iimmutable/cc-modelrouter/internal/cli/code.go:91.8,93.17 2 0
github.com/iimmutable/cc-modelrouter/internal/cli/code.go:93.17,95.4 1 0
github.com/iimmutable/cc-modelrouter/internal/cli/code.go:99.2,103.26 3 0
github.com/iimmutable/cc-modelrouter/internal/cli/code.go:103.26,106.3 2 0
github.com/iimmutable/cc-modelrouter/internal/cli/code.go:109.2,110.20 2 0
github.com/iimmutable/cc-modelrouter/internal/cli/code.go:110.20,113.3 2 0
github.com/iimmutable/cc-modelrouter/internal/cli/code.go:116.2,116.65 1 0
github.com/iimmutable/cc-modelrouter/internal/cli/code.go:116.65,118.17 2 0
github.com/iimmutable/cc-modelrouter/internal/cli/code.go:118.17,120.4 1 0
github.com/iimmutable/cc-modelrouter/internal/cli/code.go:125.2,126.16 2 0
github.com/iimmutable/cc-modelrouter/internal/cli/code.go:126.16,128.3 1 0
github.com/iimmutable/cc-modelrouter/internal/cli/code.go:129.2,136.29 4 0
github.com/iimmutable/cc-modelrouter/internal/cli/code.go:136.29,137.73 1 0
github.com/iimmutable/cc-modelrouter/internal/cli/code.go:137.73,138.66 1 0
github.com/iimmutable/cc-modelrouter/internal/cli/code.go:138.66,140.5 1 0
github.com/iimmutable/cc-modelrouter/internal/cli/code.go:141.9,141.49 1 0
github.com/iimmutable/cc-modelrouter/internal/cli/code.go:141.49,143.4 1 0
github.com/iimmutable/cc-modelrouter/internal/cli/code.go:143.9,143.49 1 0
github.com/iimmutable/cc-modelrouter/internal/cli/code.go:143.49,145.4 1 0
github.com/iimmutable/cc-modelrouter/internal/cli/code.go:145.9,148.4 1 0
github.com/iimmutable/cc-modelrouter/internal/cli/code.go:149.8,151.3 1 0
github.com/iimmutable/cc-modelrouter/internal/cli/code.go:154.2,159.16 3 0
github.com/iimmutable/cc-modelrouter/internal/cli/code.go:159.16,161.3 1 0
github.com/iimmutable/cc-modelrouter/internal/cli/code.go:164.2,182.47 11 0
github.com/iimmutable/cc-modelrouter/internal/cli/code.go:182.47,184.31 1 0
github.com/iimmutable/cc-modelrouter/internal/cli/code.go:184.31,186.4 1 0
github.com/iimmutable/cc-modelrouter/internal/cli/code.go:187.3,187.50 1 0
github.com/iimmutable/cc-modelrouter/internal/cli/code.go:187.50,189.4 1 0
github.com/iimmutable/cc-modelrouter/internal/cli/code.go:191.3,198.17 2 0
github.com/iimmutable/cc-modelrouter/internal/cli/code.go:198.17,200.4 1 0
github.com/iimmutable/cc-modelrouter/internal/cli/code.go:201.3,201.25 1 0
github.com/iimmutable/cc-modelrouter/internal/cli/code.go:203.2,207.47 3 0
github.com/iimmutable/cc-modelrouter/internal/cli/code.go:207.47,215.17 2 0
github.com/iimmutable/cc-modelrouter/internal/cli/code.go:215.17,217.4 1 0
github.com/iimmutable/cc-modelrouter/internal/cli/code.go:218.3,218.43 1 0
github.com/iimmutable/cc-modelrouter/internal/cli/code.go:220.2,226.16 4 0
github.com/iimmutable/cc-modelrouter/internal/cli/code.go:226.16,228.3 1 0
github.com/iimmutable/cc-modelrouter/internal/cli/code.go:230.2,231.16 2 0
github.com/iimmutable/cc-modelrouter/internal/cli/code.go:231.16,233.3 1 0
github.com/iimmutable/cc-modelrouter/internal/cli/code.go:235.2,240.39 4 0
github.com/iimmutable/cc-modelrouter/internal/cli/code.go:240.39,242.3 1 0
github.com/iimmutable/cc-modelrouter/internal/cli/code.go:245.2,254.50 2 0
github.com/iimmutable/cc-modelrouter/internal/cli/code.go:254.50,256.3 1 0
github.com/iimmutable/cc-modelrouter/internal/cli/code.go:260.2,262.55 3 0
github.com/iimmutable/cc-modelrouter/internal/cli/code.go:262.55,264.3 1 0
github.com/iimmutable/cc-modelrouter/internal/cli/code.go:266.2,273.16 3 0
github.com/iimmutable/cc-modelrouter/internal/cli/code.go:273.16,274.72 1 0
github.com/iimmutable/cc-modelrouter/internal/cli/code.go:274.72,276.4 1 0
github.com/iimmutable/cc-modelrouter/internal/cli/code.go:276.9,277.17 1 0
github.com/iimmutable/cc-modelrouter/internal/cli/code.go:277.17,279.5 1 0
github.com/iimmutable/cc-modelrouter/internal/cli/code.go:280.4,280.80 1 0
github.com/iimmutable/cc-modelrouter/internal/cli/code.go:282.8,284.3 1 0
github.com/iimmutable/cc-modelrouter/internal/cli/code.go:287.2,291.16 3 0
github.com/iimmutable/cc-modelrouter/internal/cli/code.go:291.16,298.3 5 0
github.com/iimmutable/cc-modelrouter/internal/cli/code.go:301.2,313.12 9 0
github.com/iimmutable/cc-modelrouter/internal/cli/code.go:313.12,315.3 1 0
github.com/iimmutable/cc-modelrouter/internal/cli/code.go:318.2,318.9 1 0
github.com/iimmutable/cc-modelrouter/internal/cli/code.go:319.24,321.17 1 0
github.com/iimmutable/cc-modelrouter/internal/cli/code.go:321.17,323.4 1 0
github.com/iimmutable/cc-modelrouter/internal/cli/code.go:324.24,328.31 2 0
github.com/iimmutable/cc-modelrouter/internal/cli/code.go:328.31,330.4 1 0
github.com/iimmutable/cc-modelrouter/internal/cli/code.go:334.2,340.12 6 0
github.com/iimmutable/cc-modelrouter/internal/cli/config.go:13.40,37.2 5 1
github.com/iimmutable/cc-modelrouter/internal/cli/config.go:39.44,63.2 3 1
github.com/iimmutable/cc-modelrouter/internal/cli/config.go:65.61,70.16 3 0
github.com/iimmutable/cc-modelrouter/internal/cli/config.go:70.16,72.3 1 0
github.com/iimmutable/cc-modelrouter/internal/cli/config.go:75.2,77.22 3 0
github.com/iimmutable/cc-modelrouter/internal/cli/config.go:77.22,79.17 2 0
github.com/iimmutable/cc-modelrouter/internal/cli/config.go:79.17,81.4 1 0
github.com/iimmutable/cc-modelrouter/internal/cli/config.go:82.3,82.24 1 0
github.com/iimmutable/cc-modelrouter/internal/cli/config.go:83.8,85.17 2 0
github.com/iimmutable/cc-modelrouter/internal/cli/config.go:85.17,87.4 1 0
github.com/iimmutable/cc-modelrouter/internal/cli/config.go:90.2,97.16 4 0
github.com/iimmutable/cc-modelrouter/internal/cli/config.go:97.16,99.3 1 0
github.com/iimmutable/cc-modelrouter/internal/cli/config.go:101.2,103.12 2 0
github.com/iimmutable/cc-modelrouter/internal/cli/config.go:106.44,121.2 2 1
github.com/iimmutable/cc-modelrouter/internal/cli/config.go:123.61,125.16 2 0
github.com/iimmutable/cc-modelrouter/internal/cli/config.go:125.16,127.3 1 0
github.com/iimmutable/cc-modelrouter/internal/cli/config.go:129.2,132.12 3 0
github.com/iimmutable/cc-modelrouter/internal/cli/config.go:135.44,163.2 3 1
github.com/iimmutable/cc-modelrouter/internal/cli/config.go:165.61,169.16 3 0
github.com/iimmutable/cc-modelrouter/internal/cli/config.go:169.16,171.3 1 0
github.com/iimmutable/cc-modelrouter/internal/cli/config.go:174.2,208.15 3 0
github.com/iimmutable/cc-modelrouter/internal/cli/config.go:208.15,210.3 1 0
github.com/iimmutable/cc-modelrouter/internal/cli/config.go:210.8,212.3 1 0
github.com/iimmutable/cc-modelrouter/internal/cli/config.go:215.2,215.41 1 0
github.com/iimmutable/cc-modelrouter/internal/cli/config.go:215.41,217.3 1 0
github.com/iimmutable/cc-modelrouter/internal/cli/config.go:219.2,219.53 1 0
github.com/iimmutable/cc-modelrouter/internal/cli/config.go:219.53,221.3 1 0
github.com/iimmutable/cc-modelrouter/internal/cli/config.go:223.2,226.12 3 0
github.com/iimmutable/cc-modelrouter/internal/cli/config.go:229.61,238.38 2 0
github.com/iimmutable/cc-modelrouter/internal/cli/config.go:238.38,240.28 2 0
github.com/iimmutable/cc-modelrouter/internal/cli/config.go:240.28,242.4 1 0
github.com/iimmutable/cc-modelrouter/internal/cli/config.go:243.3,243.36 1 0
github.com/iimmutable/cc-modelrouter/internal/cli/config.go:246.2,246.15 1 0
github.com/iimmutable/cc-modelrouter/internal/cli/config.go:249.33,250.19 1 0
github.com/iimmutable/cc-modelrouter/internal/cli/config.go:250.19,252.3 1 0
github.com/iimmutable/cc-modelrouter/internal/cli/config.go:253.2,253.44 1 0
github.com/iimmutable/cc-modelrouter/internal/cli/logs.go:17.38,56.2 4 1
github.com/iimmutable/cc-modelrouter/internal/cli/logs.go:58.55,64.19 4 0
github.com/iimmutable/cc-modelrouter/internal/cli/logs.go:64.19,66.3 1 0
github.com/iimmutable/cc-modelrouter/internal/cli/logs.go:66.8,69.17 2 0
github.com/iimmutable/cc-modelrouter/internal/cli/logs.go:69.17,71.4 1 0
github.com/iimmutable/cc-modelrouter/internal/cli/logs.go:73.3,74.34 2 0
github.com/iimmutable/cc-modelrouter/internal/cli/logs.go:74.34,75.30 1 0
github.com/iimmutable/cc-modelrouter/internal/cli/logs.go:75.30,76.64 1 0
github.com/iimmutable/cc-modelrouter/internal/cli/logs.go:76.64,78.6 1 0
github.com/iimmutable/cc-modelrouter/internal/cli/logs.go:82.3,82.20 1 0
github.com/iimmutable/cc-modelrouter/internal/cli/logs.go:82.20,85.4 2 0
github.com/iimmutable/cc-modelrouter/internal/cli/logs.go:86.3,86.25 1 0
github.com/iimmutable/cc-modelrouter/internal/cli/logs.go:89.2,93.16 3 0
github.com/iimmutable/cc-modelrouter/internal/cli/logs.go:93.16,95.3 1 0
github.com/iimmutable/cc-modelrouter/internal/cli/logs.go:98.2,98.52 1 0
github.com/iimmutable/cc-modelrouter/internal/cli/logs.go:98.52,103.3 4 0
github.com/iimmutable/cc-modelrouter/internal/cli/logs.go:106.2,107.16 2 0
github.com/iimmutable/cc-modelrouter/internal/cli/logs.go:107.16,109.3 1 0
github.com/iimmutable/cc-modelrouter/internal/cli/logs.go:110.2,112.12 2 0
github.com/iimmutable/cc-modelrouter/internal/cli/logs.go:112.12,114.3 1 0
github.com/iimmutable/cc-modelrouter/internal/cli/logs.go:116.2,116.34 1 0
github.com/iimmutable/cc-modelrouter/internal/cli/logs.go:119.52,121.16 2 0
github.com/iimmutable/cc-modelrouter/internal/cli/logs.go:121.16,123.3 1 0
github.com/iimmutable/cc-modelrouter/internal/cli/logs.go:124.2,124.60 1 0
github.com/iimmutable/cc-modelrouter/internal/cli/logs.go:127.51,131.21 3 0
github.com/iimmutable/cc-modelrouter/internal/cli/logs.go:131.21,133.3 1 0
github.com/iimmutable/cc-modelrouter/internal/cli/logs.go:135.2,135.38 1 0
github.com/iimmutable/cc-modelrouter/internal/cli/logs.go:135.38,137.3 1 0
github.com/iimmutable/cc-modelrouter/internal/cli/logs.go:140.2,141.28 2 0
github.com/iimmutable/cc-modelrouter/internal/cli/logs.go:141.28,143.3 1 0
github.com/iimmutable/cc-modelrouter/internal/cli/logs.go:145.2,145.38 1 0
github.com/iimmutable/cc-modelrouter/internal/cli/logs.go:145.38,147.3 1 0
github.com/iimmutable/cc-modelrouter/internal/cli/logs.go:149.2,149.12 1 0
github.com/iimmutable/cc-modelrouter/internal/cli/logs.go:152.54,155.21 2 0
github.com/iimmutable/cc-modelrouter/internal/cli/logs.go:155.21,157.3 1 0
github.com/iimmutable/cc-modelrouter/internal/cli/logs.go:160.2,161.16 2 0
github.com/iimmutable/cc-modelrouter/internal/cli/logs.go:161.16,163.3 1 0
github.com/iimmutable/cc-modelrouter/internal/cli/logs.go:166.2,171.6 4 0
github.com/iimmutable/cc-modelrouter/internal/cli/logs.go:171.6,172.10 1 0
github.com/iimmutable/cc-modelrouter/internal/cli/logs.go:173.19,176.18 2 0
github.com/iimmutable/cc-modelrouter/internal/cli/logs.go:176.18,180.5 2 0
github.com/iimmutable/cc-modelrouter/internal/cli/logs.go:183.4,183.8 1 0
github.com/iimmutable/cc-modelrouter/internal/cli/logs.go:183.8,185.19 2 0
github.com/iimmutable/cc-modelrouter/internal/cli/logs.go:185.19,186.11 1 0
github.com/iimmutable/cc-modelrouter/internal/cli/logs.go:188.5,189.13 2 0
github.com/iimmutable/cc-modelrouter/internal/cli/restart.go:14.41,44.2 3 1
github.com/iimmutable/cc-modelrouter/internal/cli/restart.go:46.58,49.16 2 0
github.com/iimmutable/cc-modelrouter/internal/cli/restart.go:49.16,51.3 1 0
github.com/iimmutable/cc-modelrouter/internal/cli/restart.go:53.2,53.25 1 0
github.com/iimmutable/cc-modelrouter/internal/cli/restart.go:53.25,56.3 2 0
github.com/iimmutable/cc-modelrouter/internal/cli/restart.go:59.2,60.33 2 0
github.com/iimmutable/cc-modelrouter/internal/cli/restart.go:60.33,61.29 1 0
github.com/iimmutable/cc-modelrouter/internal/cli/restart.go:61.29,63.4 1 0
github.com/iimmutable/cc-modelrouter/internal/cli/restart.go:66.2,66.32 1 0
github.com/iimmutable/cc-modelrouter/internal/cli/restart.go:66.32,69.3 2 0
github.com/iimmutable/cc-modelrouter/internal/cli/restart.go:72.2,72.19 1 0
github.com/iimmutable/cc-modelrouter/internal/cli/restart.go:72.19,75.41 3 0
github.com/iimmutable/cc-modelrouter/internal/cli/restart.go:75.41,76.29 1 0
github.com/iimmutable/cc-modelrouter/internal/cli/restart.go:76.29,78.49 2 0
github.com/iimmutable/cc-modelrouter/internal/cli/restart.go:78.49,80.6 1 0
github.com/iimmutable/cc-modelrouter/internal/cli/restart.go:81.5,81.10 1 0
github.com/iimmutable/cc-modelrouter/internal/cli/restart.go:84.3,84.13 1 0
github.com/iimmutable/cc-modelrouter/internal/cli/restart.go:84.13,86.4 1 0
github.com/iimmutable/cc-modelrouter/internal/cli/restart.go:87.3,87.13 1 0
github.com/iimmutable/cc-modelrouter/internal/cli/restart.go:91.2,93.40 2 0
github.com/iimmutable/cc-modelrouter/internal/cli/restart.go:93.40,94.47 1 0
github.com/iimmutable/cc-modelrouter/internal/cli/restart.go:94.47,96.4 1 0
github.com/iimmutable/cc-modelrouter/internal/cli/restart.go:99.2,99.12 1 0
github.com/iimmutable/cc-modelrouter/internal/cli/restart.go:102.59,107.16 3 0
github.com/iimmutable/cc-modelrouter/internal/cli/restart.go:107.16,109.3 1 0
github.com/iimmutable/cc-modelrouter/internal/cli/restart.go:112.2,112.53 1 0
github.com/iimmutable/cc-modelrouter/internal/cli/restart.go:112.53,114.3 1 0
github.com/iimmutable/cc-modelrouter/internal/cli/restart.go:117.2,117.26 1 0
github.com/iimmutable/cc-modelrouter/internal/cli/restart.go:117.26,118.30 1 0
github.com/iimmutable/cc-modelrouter/internal/cli/restart.go:118.30,119.9 1 0
github.com/iimmutable/cc-modelrouter/internal/cli/restart.go:121.3,121.37 1 0
github.com/iimmutable/cc-modelrouter/internal/cli/restart.go:125.2,129.27 4 0
github.com/iimmutable/cc-modelrouter/internal/cli/restart.go:129.27,131.3 1 0
github.com/iimmutable/cc-modelrouter/internal/cli/restart.go:132.2,134.12 2 0
github.com/iimmutable/cc-modelrouter/internal/cli/root.go:15.38,51.2 11 1
github.com/iimmutable/cc-modelrouter/internal/cli/root.go:54.16,56.38 2 1
github.com/iimmutable/cc-modelrouter/internal/cli/root.go:56.38,59.3 2 0
github.com/iimmutable/cc-modelrouter/internal/cli/start.go:25.39,77.2 7 1
github.com/iimmutable/cc-modelrouter/internal/cli/start.go:79.56,88.16 6 0
github.com/iimmutable/cc-modelrouter/internal/cli/start.go:88.16,90.3 1 0
github.com/iimmutable/cc-modelrouter/internal/cli/start.go:93.2,95.22 3 0
github.com/iimmutable/cc-modelrouter/internal/cli/start.go:95.22,97.17 2 0
github.com/iimmutable/cc-modelrouter/internal/cli/start.go:97.17,99.4 1 0
github.com/iimmutable/cc-modelrouter/internal/cli/start.go:100.3,100.24 1 0
github.com/iimmutable/cc-modelrouter/internal/cli/start.go:101.8,103.17 2 0
github.com/iimmutable/cc-modelrouter/internal/cli/start.go:103.17,105.4 1 0
github.com/iimmutable/cc-modelrouter/internal/cli/start.go:109.2,109.14 1 0
github.com/iimmutable/cc-modelrouter/internal/cli/start.go:109.14,111.3 1 0
github.com/iimmutable/cc-modelrouter/internal/cli/start.go:112.2,112.16 1 0
github.com/iimmutable/cc-modelrouter/internal/cli/start.go:112.16,114.3 1 0
github.com/iimmutable/cc-modelrouter/internal/cli/start.go:115.2,115.26 1 0
github.com/iimmutable/cc-modelrouter/internal/cli/start.go:115.26,118.3 2 0
github.com/iimmutable/cc-modelrouter/internal/cli/start.go:121.2,122.20 2 0
github.com/iimmutable/cc-modelrouter/internal/cli/start.go:122.20,125.3 2 0
github.com/iimmutable/cc-modelrouter/internal/cli/start.go:128.2,132.65 3 0
github.com/iimmutable/cc-modelrouter/internal/cli/start.go:132.65,134.17 2 0
github.com/iimmutable/cc-modelrouter/internal/cli/start.go:134.17,136.4 1 0
github.com/iimmutable/cc-modelrouter/internal/cli/start.go:140.2,141.16 2 0
github.com/iimmutable/cc-modelrouter/internal/cli/start.go:141.16,143.3 1 0
github.com/iimmutable/cc-modelrouter/internal/cli/start.go:144.2,151.29 4 0
github.com/iimmutable/cc-modelrouter/internal/cli/start.go:151.29,152.73 1 0
github.com/iimmutable/cc-modelrouter/internal/cli/start.go:152.73,153.66 1 0
github.com/iimmutable/cc-modelrouter/internal/cli/start.go:153.66,155.5 1 0
github.com/iimmutable/cc-modelrouter/internal/cli/start.go:156.9,156.49 1 0
github.com/iimmutable/cc-modelrouter/internal/cli/start.go:156.49,158.4 1 0
github.com/iimmutable/cc-modelrouter/internal/cli/start.go:158.9,158.49 1 0
github.com/iimmutable/cc-modelrouter/internal/cli/start.go:158.49,160.4 1 0
github.com/iimmutable/cc-modelrouter/internal/cli/start.go:160.9,163.4 1 0
github.com/iimmutable/cc-modelrouter/internal/cli/start.go:164.8,166.3 1 0
github.com/iimmutable/cc-modelrouter/internal/cli/start.go:169.2,174.16 3 0
github.com/iimmutable/cc-modelrouter/internal/cli/start.go:174.16,176.3 1 0
github.com/iimmutable/cc-modelrouter/internal/cli/start.go:179.2,197.47 11 0
github.com/iimmutable/cc-modelrouter/internal/cli/start.go:197.47,199.31 1 0
github.com/iimmutable/cc-modelrouter/internal/cli/start.go:199.31,201.4 1 0
github.com/iimmutable/cc-modelrouter/internal/cli/start.go:202.3,202.50 1 0
github.com/iimmutable/cc-modelrouter/internal/cli/start.go:202.50,204.4 1 0
github.com/iimmutable/cc-modelrouter/internal/cli/start.go:206.3,213.17 2 0
github.com/iimmutable/cc-modelrouter/internal/cli/start.go:213.17,215.4 1 0
github.com/iimmutable/cc-modelrouter/internal/cli/start.go:216.3,216.25 1 0
github.com/iimmutable/cc-modelrouter/internal/cli/start.go:218.2,222.47 3 0
github.com/iimmutable/cc-modelrouter/internal/cli/start.go:222.47,230.17 2 0
github.com/iimmutable/cc-modelrouter/internal/cli/start.go:230.17,232.4 1 0
github.com/iimmutable/cc-modelrouter/internal/cli/start.go:233.3,233.43 1 0
github.com/iimmutable/cc-modelrouter/internal/cli/start.go:235.2,241.16 4 0
github.com/iimmutable/cc-modelrouter/internal/cli/start.go:241.16,243.3 1 0
github.com/iimmutable/cc-modelrouter/internal/cli/start.go:245.2,246.16 2 0
github.com/iimmutable/cc-modelrouter/internal/cli/start.go:246.16,248.3 1 0
github.com/iimmutable/cc-modelrouter/internal/cli/start.go:250.2,260.39 7 0
github.com/iimmutable/cc-modelrouter/internal/cli/start.go:260.39,262.3 1 0
github.com/iimmutable/cc-modelrouter/internal/cli/start.go:265.2,274.50 2 0
github.com/iimmutable/cc-modelrouter/internal/cli/start.go:274.50,276.3 1 0
github.com/iimmutable/cc-modelrouter/internal/cli/start.go:278.2,293.41 9 0
github.com/iimmutable/cc-modelrouter/internal/cli/start.go:293.41,295.3 1 0
github.com/iimmutable/cc-modelrouter/internal/cli/start.go:298.2,301.12 3 0
github.com/iimmutable/cc-modelrouter/internal/cli/status.go:14.40,44.2 3 1
github.com/iimmutable/cc-modelrouter/internal/cli/status.go:46.57,51.16 3 0
github.com/iimmutable/cc-modelrouter/internal/cli/status.go:51.16,52.25 1 0
github.com/iimmutable/cc-modelrouter/internal/cli/status.go:52.25,55.4 2 0
github.com/iimmutable/cc-modelrouter/internal/cli/status.go:56.3,56.57 1 0
github.com/iimmutable/cc-modelrouter/internal/cli/status.go:59.2,59.25 1 0
github.com/iimmutable/cc-modelrouter/internal/cli/status.go:59.25,62.3 2 0
github.com/iimmutable/cc-modelrouter/internal/cli/status.go:65.2,71.33 5 0
github.com/iimmutable/cc-modelrouter/internal/cli/status.go:71.33,74.17 3 0
github.com/iimmutable/cc-modelrouter/internal/cli/status.go:74.17,77.4 2 0
github.com/iimmutable/cc-modelrouter/internal/cli/status.go:77.9,79.4 1 0
github.com/iimmutable/cc-modelrouter/internal/cli/status.go:82.3,82.29 1 0
github.com/iimmutable/cc-modelrouter/internal/cli/status.go:82.29,83.12 1 0
github.com/iimmutable/cc-modelrouter/internal/cli/status.go:86.3,96.4 3 0
github.com/iimmutable/cc-modelrouter/internal/cli/status.go:99.2,103.12 3 0
github.com/iimmutable/cc-modelrouter/internal/cli/status.go:106.45,107.21 1 0
github.com/iimmutable/cc-modelrouter/internal/cli/status.go:107.21,109.3 1 0
github.com/iimmutable/cc-modelrouter/internal/cli/status.go:110.2,110.19 1 0
github.com/iimmutable/cc-modelrouter/internal/cli/status.go:110.19,112.3 1 0
github.com/iimmutable/cc-modelrouter/internal/cli/status.go:113.2,113.22 1 0
github.com/iimmutable/cc-modelrouter/internal/cli/status.go:113.22,115.3 1 0
github.com/iimmutable/cc-modelrouter/internal/cli/status.go:116.2,116.68 1 0
github.com/iimmutable/cc-modelrouter/internal/cli/stop.go:14.38,45.2 3 1
github.com/iimmutable/cc-modelrouter/internal/cli/stop.go:47.55,52.16 3 0
github.com/iimmutable/cc-modelrouter/internal/cli/stop.go:52.16,54.3 1 0
github.com/iimmutable/cc-modelrouter/internal/cli/stop.go:56.2,56.25 1 0
github.com/iimmutable/cc-modelrouter/internal/cli/stop.go:56.25,59.3 2 0
github.com/iimmutable/cc-modelrouter/internal/cli/stop.go:62.2,63.11 2 0
github.com/iimmutable/cc-modelrouter/internal/cli/stop.go:63.11,65.3 1 0
github.com/iimmutable/cc-modelrouter/internal/cli/stop.go:68.2,68.19 1 0
github.com/iimmutable/cc-modelrouter/internal/cli/stop.go:68.19,71.34 3 0
github.com/iimmutable/cc-modelrouter/internal/cli/stop.go:71.34,72.29 1 0
github.com/iimmutable/cc-modelrouter/internal/cli/stop.go:72.29,74.51 2 0
github.com/iimmutable/cc-modelrouter/internal/cli/stop.go:74.51,76.6 1 0
github.com/iimmutable/cc-modelrouter/internal/cli/stop.go:77.5,77.10 1 0
github.com/iimmutable/cc-modelrouter/internal/cli/stop.go:80.3,80.13 1 0
github.com/iimmutable/cc-modelrouter/internal/cli/stop.go:80.13,82.4 1 0
github.com/iimmutable/cc-modelrouter/internal/cli/stop.go:83.3,83.13 1 0
github.com/iimmutable/cc-modelrouter/internal/cli/stop.go:87.2,91.33 4 0
github.com/iimmutable/cc-modelrouter/internal/cli/stop.go:91.33,95.30 3 0
github.com/iimmutable/cc-modelrouter/internal/cli/stop.go:95.30,99.4 3 0
github.com/iimmutable/cc-modelrouter/internal/cli/stop.go:99.9,100.50 1 0
github.com/iimmutable/cc-modelrouter/internal/cli/stop.go:100.50,102.5 1 0
github.com/iimmutable/cc-modelrouter/internal/cli/stop.go:102.10,104.5 1 0
github.com/iimmutable/cc-modelrouter/internal/cli/stop.go:107.3,107.73 1 0
github.com/iimmutable/cc-modelrouter/internal/cli/stop.go:110.2,113.12 3 0
github.com/iimmutable/cc-modelrouter/internal/cli/stop.go:116.76,118.16 2 0
github.com/iimmutable/cc-modelrouter/internal/cli/stop.go:118.16,120.3 1 0
github.com/iimmutable/cc-modelrouter/internal/cli/stop.go:123.2,123.41 1 0
github.com/iimmutable/cc-modelrouter/internal/cli/stop.go:123.41,127.3 2 0
github.com/iimmutable/cc-modelrouter/internal/cli/stop.go:130.2,133.12 3 0
github.com/iimmutable/cc-modelrouter/internal/cli/usage.go:13.39,58.2 2 1
github.com/iimmutable/cc-modelrouter/internal/cli/usage.go:60.56,63.19 2 0
github.com/iimmutable/cc-modelrouter/internal/cli/usage.go:63.19,65.24 1 0
github.com/iimmutable/cc-modelrouter/internal/cli/usage.go:65.24,67.4 1 0
github.com/iimmutable/cc-modelrouter/internal/cli/usage.go:67.9,69.4 1 0
github.com/iimmutable/cc-modelrouter/internal/cli/usage.go:71.2,71.19 1 0
github.com/iimmutable/cc-modelrouter/internal/cli/usage.go:71.19,73.3 1 0
github.com/iimmutable/cc-modelrouter/internal/cli/usage.go:76.2,76.18 1 0
github.com/iimmutable/cc-modelrouter/internal/cli/usage.go:76.18,78.3 1 0
github.com/iimmutable/cc-modelrouter/internal/cli/usage.go:81.2,83.16 3 0
github.com/iimmutable/cc-modelrouter/internal/cli/usage.go:83.16,85.3 1 0
github.com/iimmutable/cc-modelrouter/internal/cli/usage.go:88.2,89.16 2 0
github.com/iimmutable/cc-modelrouter/internal/cli/usage.go:89.16,91.3 1 0
github.com/iimmutable/cc-modelrouter/internal/cli/usage.go:93.2,94.16 2 0
github.com/iimmutable/cc-modelrouter/internal/cli/usage.go:94.16,98.3 2 0
github.com/iimmutable/cc-modelrouter/internal/cli/usage.go:99.2,103.16 3 0
github.com/iimmutable/cc-modelrouter/internal/cli/usage.go:103.16,105.3 1 0
github.com/iimmutable/cc-modelrouter/internal/cli/usage.go:107.2,107.23 1 0
github.com/iimmutable/cc-modelrouter/internal/cli/usage.go:107.23,110.3 2 0
github.com/iimmutable/cc-modelrouter/internal/cli/usage.go:113.2,114.12 2 0
github.com/iimmutable/cc-modelrouter/internal/cli/usage.go:118.30,122.28 2 0
github.com/iimmutable/cc-modelrouter/internal/cli/usage.go:122.28,123.13 1 0
github.com/iimmutable/cc-modelrouter/internal/cli/usage.go:123.13,125.4 1 0
github.com/iimmutable/cc-modelrouter/internal/cli/usage.go:128.2,128.33 1 0
github.com/iimmutable/cc-modelrouter/internal/cli/usage.go:128.33,130.3 1 0
github.com/iimmutable/cc-modelrouter/internal/cli/usage.go:131.2,131.14 1 0
github.com/iimmutable/cc-modelrouter/internal/logging/formatter.go:20.62,24.2 1 1
github.com/iimmutable/cc-modelrouter/internal/logging/formatter.go:27.69,45.25 10 1
github.com/iimmutable/cc-modelrouter/internal/logging/formatter.go:45.25,47.32 2 0
github.com/iimmutable/cc-modelrouter/internal/logging/formatter.go:47.32,52.4 4 0
github.com/iimmutable/cc-modelrouter/internal/logging/formatter.go:55.2,56.23 2 1
github.com/iimmutable/cc-modelrouter/internal/logging/formatter.go:60.61,61.15 1 1
github.com/iimmutable/cc-modelrouter/internal/logging/formatter.go:62.25,63.27 1 1
github.com/iimmutable/cc-modelrouter/internal/logging/formatter.go:64.24,65.26 1 1
github.com/iimmutable/cc-modelrouter/internal/logging/formatter.go:66.24,67.26 1 1
github.com/iimmutable/cc-modelrouter/internal/logging/formatter.go:68.25,69.27 1 1
github.com/iimmutable/cc-modelrouter/internal/logging/formatter.go:70.10,71.26 1 0
github.com/iimmutable/cc-modelrouter/internal/logging/logging.go:31.64,33.16 2 1
github.com/iimmutable/cc-modelrouter/internal/logging/logging.go:33.16,35.3 1 0
github.com/iimmutable/cc-modelrouter/internal/logging/logging.go:38.2,39.15 2 1
github.com/iimmutable/cc-modelrouter/internal/logging/logging.go:43.43,45.2 1 1
github.com/iimmutable/cc-modelrouter/internal/logging/logging.go:47.13,55.2 4 1
github.com/iimmutable/cc-modelrouter/internal/logging/logging.go:63.54,66.35 2 1
github.com/iimmutable/cc-modelrouter/internal/logging/logging.go:66.35,68.3 1 1
github.com/iimmutable/cc-modelrouter/internal/logging/logging.go:69.2,75.36 3 1
github.com/iimmutable/cc-modelrouter/internal/logging/logging.go:75.36,77.17 2 0
github.com/iimmutable/cc-modelrouter/internal/logging/logging.go:77.18,77.19 0 0
github.com/iimmutable/cc-modelrouter/internal/logging/logging.go:81.2,82.16 2 1
github.com/iimmutable/cc-modelrouter/internal/logging/logging.go:82.16,84.3 1 0
github.com/iimmutable/cc-modelrouter/internal/logging/logging.go:88.2,88.39 1 1
github.com/iimmutable/cc-modelrouter/internal/logging/logging.go:88.39,90.3 1 1
github.com/iimmutable/cc-modelrouter/internal/logging/logging.go:93.2,96.20 2 1
github.com/iimmutable/cc-modelrouter/internal/logging/logging.go:96.20,97.68 1 1
github.com/iimmutable/cc-modelrouter/internal/logging/logging.go:97.68,99.4 1 1
github.com/iimmutable/cc-modelrouter/internal/logging/logging.go:101.3,101.31 1 1
github.com/iimmutable/cc-modelrouter/internal/logging/logging.go:104.2,104.21 1 1
github.com/iimmutable/cc-modelrouter/internal/logging/logging.go:109.51,110.65 1 1
github.com/iimmutable/cc-modelrouter/internal/logging/logging.go:110.65,112.3 1 0
github.com/iimmutable/cc-modelrouter/internal/logging/logging.go:114.2,115.16 2 1
github.com/iimmutable/cc-modelrouter/internal/logging/logging.go:115.16,117.3 1 0
github.com/iimmutable/cc-modelrouter/internal/logging/logging.go:120.2,123.16 3 1
github.com/iimmutable/cc-modelrouter/internal/logging/logging.go:123.16,126.3 2 1
github.com/iimmutable/cc-modelrouter/internal/logging/logging.go:130.21,132.2 1 1
github.com/iimmutable/cc-modelrouter/internal/logging/logging.go:135.21,137.2 1 1
github.com/iimmutable/cc-modelrouter/internal/logging/logging.go:140.21,142.2 1 1
github.com/iimmutable/cc-modelrouter/internal/logging/logging.go:146.39,148.16 2 1
github.com/iimmutable/cc-modelrouter/internal/logging/logging.go:148.16,150.3 1 0
github.com/iimmutable/cc-modelrouter/internal/logging/logging.go:151.2,151.66 1 1
github.com/iimmutable/cc-modelrouter/internal/logging/logging.go:155.32,157.16 2 0
github.com/iimmutable/cc-modelrouter/internal/logging/logging.go:157.16,159.3 1 0
github.com/iimmutable/cc-modelrouter/internal/logging/logging.go:160.2,160.60 1 0
github.com/iimmutable/cc-modelrouter/internal/logging/logging.go:164.33,166.2 1 1
github.com/iimmutable/cc-modelrouter/internal/logging/logging.go:171.28,173.2 1 0
github.com/iimmutable/cc-modelrouter/internal/logging/logging.go:176.44,178.2 1 1
github.com/iimmutable/cc-modelrouter/internal/logging/logging.go:181.44,184.2 2 1
github.com/iimmutable/cc-modelrouter/internal/logging/logging.go:187.45,188.34 1 1
github.com/iimmutable/cc-modelrouter/internal/logging/logging.go:188.34,190.3 1 1
github.com/iimmutable/cc-modelrouter/internal/logging/logging.go:191.2,191.28 1 1
github.com/iimmutable/cc-modelrouter/internal/logging/logging.go:195.45,196.34 1 1
github.com/iimmutable/cc-modelrouter/internal/logging/logging.go:196.34,198.3 1 1
github.com/iimmutable/cc-modelrouter/internal/logging/logging.go:199.2,199.28 1 1
github.com/iimmutable/cc-modelrouter/internal/logging/logging.go:203.46,204.35 1 1
github.com/iimmutable/cc-modelrouter/internal/logging/logging.go:204.35,206.3 1 0
github.com/iimmutable/cc-modelrouter/internal/logging/logging.go:207.2,207.29 1 1
github.com/iimmutable/cc-modelrouter/internal/logging/logging.go:211.46,212.35 1 1
github.com/iimmutable/cc-modelrouter/internal/logging/logging.go:212.35,214.3 1 1
github.com/iimmutable/cc-modelrouter/internal/logging/logging.go:215.2,215.29 1 1
github.com/iimmutable/cc-modelrouter/internal/logging/logging.go:220.47,221.34 1 0
github.com/iimmutable/cc-modelrouter/internal/logging/logging.go:221.34,223.3 1 0
github.com/iimmutable/cc-modelrouter/internal/logging/logging.go:224.2,224.40 1 0
github.com/iimmutable/cc-modelrouter/internal/logging/logging.go:228.52,229.35 1 0
github.com/iimmutable/cc-modelrouter/internal/logging/logging.go:229.35,231.3 1 0
github.com/iimmutable/cc-modelrouter/internal/logging/logging.go:232.2,232.47 1 0
github.com/iimmutable/cc-modelrouter/internal/logging/sanitize.go:27.63,30.35 2 1
github.com/iimmutable/cc-modelrouter/internal/logging/sanitize.go:30.35,33.33 2 1
github.com/iimmutable/cc-modelrouter/internal/logging/sanitize.go:33.33,36.26 2 1
github.com/iimmutable/cc-modelrouter/internal/logging/sanitize.go:36.26,38.5 1 1
github.com/iimmutable/cc-modelrouter/internal/logging/sanitize.go:39.4,39.29 1 1
github.com/iimmutable/cc-modelrouter/internal/logging/sanitize.go:40.9,43.4 1 1
github.com/iimmutable/cc-modelrouter/internal/logging/sanitize.go:46.2,46.18 1 1
github.com/iimmutable/cc-modelrouter/internal/logging/sanitize.go:51.56,52.20 1 1
github.com/iimmutable/cc-modelrouter/internal/logging/sanitize.go:52.20,54.3 1 1
github.com/iimmutable/cc-modelrouter/internal/logging/sanitize.go:56.2,61.37 5 1
github.com/iimmutable/cc-modelrouter/internal/logging/sanitize.go:61.37,62.13 1 1
github.com/iimmutable/cc-modelrouter/internal/logging/sanitize.go:62.13,64.4 1 1
github.com/iimmutable/cc-modelrouter/internal/logging/sanitize.go:65.3,69.28 4 1
github.com/iimmutable/cc-modelrouter/internal/logging/sanitize.go:69.28,70.13 1 1
github.com/iimmutable/cc-modelrouter/internal/logging/sanitize.go:70.13,72.5 1 0
github.com/iimmutable/cc-modelrouter/internal/logging/sanitize.go:73.4,73.26 1 1
github.com/iimmutable/cc-modelrouter/internal/logging/sanitize.go:75.3,75.27 1 1
github.com/iimmutable/cc-modelrouter/internal/logging/sanitize.go:78.2,79.25 2 1
github.com/iimmutable/cc-modelrouter/internal/logging/sanitize.go:84.39,85.21 1 1
github.com/iimmutable/cc-modelrouter/internal/logging/sanitize.go:85.21,87.3 1 1
github.com/iimmutable/cc-modelrouter/internal/logging/sanitize.go:90.2,90.21 1 1
github.com/iimmutable/cc-modelrouter/internal/logging/sanitize.go:90.21,92.3 1 1
github.com/iimmutable/cc-modelrouter/internal/logging/sanitize.go:96.2,98.20 3 1
github.com/iimmutable/cc-modelrouter/internal/logging/sanitize.go:98.20,100.3 1 1
github.com/iimmutable/cc-modelrouter/internal/logging/sanitize.go:101.2,101.64 1 1
github.com/iimmutable/cc-modelrouter/internal/daemon/instance.go:26.34,28.2 1 1
github.com/iimmutable/cc-modelrouter/internal/daemon/instance.go:31.37,33.16 2 1
github.com/iimmutable/cc-modelrouter/internal/daemon/instance.go:33.16,35.3 1 0
github.com/iimmutable/cc-modelrouter/internal/daemon/instance.go:36.2,36.65 1 1
github.com/iimmutable/cc-modelrouter/internal/daemon/instance.go:40.49,42.16 2 1
github.com/iimmutable/cc-modelrouter/internal/daemon/instance.go:42.16,44.3 1 0
github.com/iimmutable/cc-modelrouter/internal/daemon/instance.go:46.2,46.47 1 1
github.com/iimmutable/cc-modelrouter/internal/daemon/instance.go:46.47,48.3 1 0
github.com/iimmutable/cc-modelrouter/internal/daemon/instance.go:50.2,52.16 3 1
github.com/iimmutable/cc-modelrouter/internal/daemon/instance.go:52.16,54.3 1 0
github.com/iimmutable/cc-modelrouter/internal/daemon/instance.go:56.2,56.39 1 1
github.com/iimmutable/cc-modelrouter/internal/daemon/instance.go:60.57,62.16 2 1
github.com/iimmutable/cc-modelrouter/internal/daemon/instance.go:62.16,64.3 1 0
github.com/iimmutable/cc-modelrouter/internal/daemon/instance.go:66.2,68.16 3 1
github.com/iimmutable/cc-modelrouter/internal/daemon/instance.go:68.16,70.3 1 1
github.com/iimmutable/cc-modelrouter/internal/daemon/instance.go:72.2,73.52 2 1
github.com/iimmutable/cc-modelrouter/internal/daemon/instance.go:73.52,75.3 1 1
github.com/iimmutable/cc-modelrouter/internal/daemon/instance.go:77.2,77.19 1 1
github.com/iimmutable/cc-modelrouter/internal/daemon/instance.go:81.38,83.16 2 1
github.com/iimmutable/cc-modelrouter/internal/daemon/instance.go:83.16,85.3 1 0
github.com/iimmutable/cc-modelrouter/internal/daemon/instance.go:87.2,88.24 2 1
github.com/iimmutable/cc-modelrouter/internal/daemon/instance.go:92.51,94.16 2 1
github.com/iimmutable/cc-modelrouter/internal/daemon/instance.go:94.16,96.3 1 0
github.com/iimmutable/cc-modelrouter/internal/daemon/instance.go:98.2,99.16 2 1
github.com/iimmutable/cc-modelrouter/internal/daemon/instance.go:99.16,100.25 1 1
github.com/iimmutable/cc-modelrouter/internal/daemon/instance.go:100.25,102.4 1 1
github.com/iimmutable/cc-modelrouter/internal/daemon/instance.go:103.3,103.18 1 0
github.com/iimmutable/cc-modelrouter/internal/daemon/instance.go:106.2,107.32 2 1
github.com/iimmutable/cc-modelrouter/internal/daemon/instance.go:107.32,108.44 1 1
github.com/iimmutable/cc-modelrouter/internal/daemon/instance.go:108.44,109.12 1 1
github.com/iimmutable/cc-modelrouter/internal/daemon/instance.go:112.3,114.17 3 1
github.com/iimmutable/cc-modelrouter/internal/daemon/instance.go:114.17,115.12 1 1
github.com/iimmutable/cc-modelrouter/internal/daemon/instance.go:118.3,118.38 1 1
github.com/iimmutable/cc-modelrouter/internal/daemon/instance.go:121.2,121.23 1 1
github.com/iimmutable/cc-modelrouter/internal/daemon/instance.go:125.45,126.19 1 1
github.com/iimmutable/cc-modelrouter/internal/daemon/instance.go:126.19,128.3 1 1
github.com/iimmutable/cc-modelrouter/internal/daemon/instance.go:130.2,131.16 2 1
github.com/iimmutable/cc-modelrouter/internal/daemon/instance.go:131.16,133.3 1 0
github.com/iimmutable/cc-modelrouter/internal/daemon/instance.go:136.2,137.19 2 1
github.com/iimmutable/cc-modelrouter/internal/daemon/pidfile.go:11.38,14.2 2 1
github.com/iimmutable/cc-modelrouter/internal/daemon/pidfile.go:17.44,19.16 2 1
github.com/iimmutable/cc-modelrouter/internal/daemon/pidfile.go:19.16,21.3 1 1
github.com/iimmutable/cc-modelrouter/internal/daemon/pidfile.go:23.2,24.16 2 1
github.com/iimmutable/cc-modelrouter/internal/daemon/pidfile.go:24.16,26.3 1 1
github.com/iimmutable/cc-modelrouter/internal/daemon/pidfile.go:28.2,28.17 1 1
github.com/iimmutable/cc-modelrouter/pkg/api/anthropic/types.go:50.56,52.18 1 1
github.com/iimmutable/cc-modelrouter/pkg/api/anthropic/types.go:52.18,54.3 1 1
github.com/iimmutable/cc-modelrouter/pkg/api/anthropic/types.go:57.2,60.27 3 1
github.com/iimmutable/cc-modelrouter/pkg/api/anthropic/types.go:60.27,61.27 1 1
github.com/iimmutable/cc-modelrouter/pkg/api/anthropic/types.go:61.27,62.24 1 1
github.com/iimmutable/cc-modelrouter/pkg/api/anthropic/types.go:62.24,65.5 1 1
github.com/iimmutable/cc-modelrouter/pkg/api/anthropic/types.go:67.9,69.28 1 1
github.com/iimmutable/cc-modelrouter/pkg/api/anthropic/types.go:69.28,75.5 2 1
github.com/iimmutable/cc-modelrouter/pkg/api/anthropic/types.go:77.4,77.34 1 1
github.com/iimmutable/cc-modelrouter/pkg/api/anthropic/types.go:82.2,82.26 1 1
github.com/iimmutable/cc-modelrouter/pkg/api/anthropic/types.go:82.26,87.3 1 1
github.com/iimmutable/cc-modelrouter/pkg/api/anthropic/types.go:90.2,90.22 1 1
github.com/iimmutable/cc-modelrouter/pkg/api/anthropic/types.go:90.22,92.3 1 0
github.com/iimmutable/cc-modelrouter/pkg/api/anthropic/types.go:95.2,95.50 1 1
github.com/iimmutable/cc-modelrouter/pkg/api/anthropic/types.go:95.50,97.3 1 1
github.com/iimmutable/cc-modelrouter/pkg/api/anthropic/types.go:100.2,100.29 1 1
github.com/iimmutable/cc-modelrouter/pkg/api/anthropic/types.go:104.60,107.51 2 1
github.com/iimmutable/cc-modelrouter/pkg/api/anthropic/types.go:107.51,110.3 2 1
github.com/iimmutable/cc-modelrouter/pkg/api/anthropic/types.go:113.2,114.54 2 1
github.com/iimmutable/cc-modelrouter/pkg/api/anthropic/types.go:114.54,116.3 1 0
github.com/iimmutable/cc-modelrouter/pkg/api/anthropic/types.go:117.2,118.12 2 1
github.com/iimmutable/cc-modelrouter/pkg/api/anthropic/types.go:154.54,156.27 1 1
github.com/iimmutable/cc-modelrouter/pkg/api/anthropic/types.go:156.27,172.3 3 0
github.com/iimmutable/cc-modelrouter/pkg/api/anthropic/types.go:175.2,175.27 1 1
github.com/iimmutable/cc-modelrouter/pkg/api/anthropic/types.go:175.27,180.26 1 1
github.com/iimmutable/cc-modelrouter/pkg/api/anthropic/types.go:180.26,191.4 3 1
github.com/iimmutable/cc-modelrouter/pkg/api/anthropic/types.go:195.3,205.26 3 1
github.com/iimmutable/cc-modelrouter/pkg/api/anthropic/types.go:209.2,209.30 1 1
github.com/iimmutable/cc-modelrouter/pkg/api/anthropic/types.go:209.30,227.59 3 1
github.com/iimmutable/cc-modelrouter/pkg/api/anthropic/types.go:227.59,229.4 1 1
github.com/iimmutable/cc-modelrouter/pkg/api/anthropic/types.go:229.9,229.33 1 1
github.com/iimmutable/cc-modelrouter/pkg/api/anthropic/types.go:229.33,231.4 1 1
github.com/iimmutable/cc-modelrouter/pkg/api/anthropic/types.go:233.3,233.27 1 1
github.com/iimmutable/cc-modelrouter/pkg/api/anthropic/types.go:237.2,237.36 1 1
github.com/iimmutable/cc-modelrouter/pkg/api/anthropic/types.go:237.36,247.3 3 1
github.com/iimmutable/cc-modelrouter/pkg/api/anthropic/types.go:251.2,270.25 3 1
github.com/iimmutable/cc-modelrouter/pkg/api/anthropic/types.go:276.58,279.51 2 1
github.com/iimmutable/cc-modelrouter/pkg/api/anthropic/types.go:279.51,281.3 1 0
github.com/iimmutable/cc-modelrouter/pkg/api/anthropic/types.go:284.2,285.9 2 1
github.com/iimmutable/cc-modelrouter/pkg/api/anthropic/types.go:285.9,287.3 1 0
github.com/iimmutable/cc-modelrouter/pkg/api/anthropic/types.go:289.2,290.61 2 1
github.com/iimmutable/cc-modelrouter/pkg/api/anthropic/types.go:290.61,292.3 1 0
github.com/iimmutable/cc-modelrouter/pkg/api/anthropic/types.go:294.2,297.29 2 1
github.com/iimmutable/cc-modelrouter/pkg/api/anthropic/types.go:297.29,298.42 1 0
github.com/iimmutable/cc-modelrouter/pkg/api/anthropic/types.go:298.42,300.72 2 0
github.com/iimmutable/cc-modelrouter/pkg/api/anthropic/types.go:300.72,302.5 1 0
github.com/iimmutable/cc-modelrouter/pkg/api/anthropic/types.go:304.3,304.40 1 0
github.com/iimmutable/cc-modelrouter/pkg/api/anthropic/types.go:304.40,305.63 1 0
github.com/iimmutable/cc-modelrouter/pkg/api/anthropic/types.go:305.63,307.5 1 0
github.com/iimmutable/cc-modelrouter/pkg/api/anthropic/types.go:309.3,309.44 1 0
github.com/iimmutable/cc-modelrouter/pkg/api/anthropic/types.go:309.44,310.67 1 0
github.com/iimmutable/cc-modelrouter/pkg/api/anthropic/types.go:310.67,312.5 1 0
github.com/iimmutable/cc-modelrouter/pkg/api/anthropic/types.go:314.3,314.48 1 0
github.com/iimmutable/cc-modelrouter/pkg/api/anthropic/types.go:314.48,316.70 2 0
github.com/iimmutable/cc-modelrouter/pkg/api/anthropic/types.go:316.70,318.5 1 0
github.com/iimmutable/cc-modelrouter/pkg/api/anthropic/types.go:320.3,320.13 1 0
github.com/iimmutable/cc-modelrouter/pkg/api/anthropic/types.go:324.2,324.29 1 1
github.com/iimmutable/cc-modelrouter/pkg/api/anthropic/types.go:324.29,325.46 1 1
github.com/iimmutable/cc-modelrouter/pkg/api/anthropic/types.go:325.46,326.69 1 1
github.com/iimmutable/cc-modelrouter/pkg/api/anthropic/types.go:326.69,328.5 1 0
github.com/iimmutable/cc-modelrouter/pkg/api/anthropic/types.go:331.3,331.65 1 1
github.com/iimmutable/cc-modelrouter/pkg/api/anthropic/types.go:331.65,332.68 1 1
github.com/iimmutable/cc-modelrouter/pkg/api/anthropic/types.go:332.68,334.5 1 0
github.com/iimmutable/cc-modelrouter/pkg/api/anthropic/types.go:337.3,337.48 1 1
github.com/iimmutable/cc-modelrouter/pkg/api/anthropic/types.go:337.48,339.62 2 1
github.com/iimmutable/cc-modelrouter/pkg/api/anthropic/types.go:339.62,341.5 1 0
github.com/iimmutable/cc-modelrouter/pkg/api/anthropic/types.go:342.4,342.23 1 1
github.com/iimmutable/cc-modelrouter/pkg/api/anthropic/types.go:345.3,345.13 1 1
github.com/iimmutable/cc-modelrouter/pkg/api/anthropic/types.go:349.2,349.38 1 1
github.com/iimmutable/cc-modelrouter/pkg/api/anthropic/types.go:349.38,350.39 1 1
github.com/iimmutable/cc-modelrouter/pkg/api/anthropic/types.go:350.39,351.62 1 1
github.com/iimmutable/cc-modelrouter/pkg/api/anthropic/types.go:351.62,353.5 1 0
github.com/iimmutable/cc-modelrouter/pkg/api/anthropic/types.go:355.3,355.13 1 1
github.com/iimmutable/cc-modelrouter/pkg/api/anthropic/types.go:359.2,359.32 1 1
github.com/iimmutable/cc-modelrouter/pkg/api/anthropic/types.go:359.32,360.50 1 1
github.com/iimmutable/cc-modelrouter/pkg/api/anthropic/types.go:360.50,361.64 1 1
github.com/iimmutable/cc-modelrouter/pkg/api/anthropic/types.go:361.64,363.5 1 0
github.com/iimmutable/cc-modelrouter/pkg/api/anthropic/types.go:364.9,364.41 1 1
github.com/iimmutable/cc-modelrouter/pkg/api/anthropic/types.go:364.41,366.57 1 1
github.com/iimmutable/cc-modelrouter/pkg/api/anthropic/types.go:366.57,368.5 1 0
github.com/iimmutable/cc-modelrouter/pkg/api/anthropic/types.go:371.3,371.44 1 1
github.com/iimmutable/cc-modelrouter/pkg/api/anthropic/types.go:371.44,372.67 1 1
github.com/iimmutable/cc-modelrouter/pkg/api/anthropic/types.go:372.67,374.5 1 0
github.com/iimmutable/cc-modelrouter/pkg/api/anthropic/types.go:377.3,377.45 1 1
github.com/iimmutable/cc-modelrouter/pkg/api/anthropic/types.go:377.45,378.67 1 1
github.com/iimmutable/cc-modelrouter/pkg/api/anthropic/types.go:378.67,380.5 1 0
github.com/iimmutable/cc-modelrouter/pkg/api/anthropic/types.go:383.3,383.13 1 1
github.com/iimmutable/cc-modelrouter/pkg/api/anthropic/types.go:387.2,387.37 1 1
github.com/iimmutable/cc-modelrouter/pkg/api/anthropic/types.go:387.37,388.60 1 1
github.com/iimmutable/cc-modelrouter/pkg/api/anthropic/types.go:388.60,390.4 1 0
github.com/iimmutable/cc-modelrouter/pkg/api/anthropic/types.go:393.2,393.41 1 1
github.com/iimmutable/cc-modelrouter/pkg/api/anthropic/types.go:393.41,394.64 1 1
github.com/iimmutable/cc-modelrouter/pkg/api/anthropic/types.go:394.64,396.4 1 0
github.com/iimmutable/cc-modelrouter/pkg/api/anthropic/types.go:399.2,399.33 1 1
github.com/iimmutable/cc-modelrouter/pkg/api/anthropic/types.go:399.33,400.56 1 1
github.com/iimmutable/cc-modelrouter/pkg/api/anthropic/types.go:400.56,402.4 1 0
github.com/iimmutable/cc-modelrouter/pkg/api/anthropic/types.go:405.2,405.37 1 1
github.com/iimmutable/cc-modelrouter/pkg/api/anthropic/types.go:405.37,406.60 1 1
github.com/iimmutable/cc-modelrouter/pkg/api/anthropic/types.go:406.60,408.4 1 0
github.com/iimmutable/cc-modelrouter/pkg/api/anthropic/types.go:411.2,411.39 1 1
github.com/iimmutable/cc-modelrouter/pkg/api/anthropic/types.go:411.39,413.3 1 1
github.com/iimmutable/cc-modelrouter/pkg/api/anthropic/types.go:415.2,415.43 1 1
github.com/iimmutable/cc-modelrouter/pkg/api/anthropic/types.go:415.43,416.66 1 0
github.com/iimmutable/cc-modelrouter/pkg/api/anthropic/types.go:416.66,418.4 1 0
github.com/iimmutable/cc-modelrouter/pkg/api/anthropic/types.go:421.2,421.12 1 1
github.com/iimmutable/cc-modelrouter/pkg/api/anthropic/types_files.go:67.46,68.17 1 0
github.com/iimmutable/cc-modelrouter/pkg/api/anthropic/types_files.go:69.91,70.14 1 0
github.com/iimmutable/cc-modelrouter/pkg/api/anthropic/types_files.go:71.10,72.15 1 0
github.com/iimmutable/cc-modelrouter/pkg/api/anthropic/types_pdf.go:77.49,78.19 1 0
github.com/iimmutable/cc-modelrouter/pkg/api/anthropic/types_pdf.go:79.58,80.14 1 0
github.com/iimmutable/cc-modelrouter/pkg/api/anthropic/types_pdf.go:81.10,82.15 1 0
github.com/iimmutable/cc-modelrouter/internal/transformer/base.go:15.55,17.2 1 1
github.com/iimmutable/cc-modelrouter/internal/transformer/base.go:20.41,22.2 1 1
github.com/iimmutable/cc-modelrouter/internal/transformer/base.go:25.89,27.16 2 1
github.com/iimmutable/cc-modelrouter/internal/transformer/base.go:27.16,29.3 1 1
github.com/iimmutable/cc-modelrouter/internal/transformer/base.go:30.2,30.24 1 1
github.com/iimmutable/cc-modelrouter/internal/transformer/base.go:30.24,32.3 1 0
github.com/iimmutable/cc-modelrouter/internal/transformer/base.go:33.2,33.60 1 1
github.com/iimmutable/cc-modelrouter/internal/transformer/registry.go:15.30,19.2 1 1
github.com/iimmutable/cc-modelrouter/internal/transformer/registry.go:22.44,26.2 3 1
github.com/iimmutable/cc-modelrouter/internal/transformer/registry.go:29.58,34.9 4 1
github.com/iimmutable/cc-modelrouter/internal/transformer/registry.go:34.9,36.3 1 1
github.com/iimmutable/cc-modelrouter/internal/transformer/registry.go:37.2,37.15 1 1
github.com/iimmutable/cc-modelrouter/internal/transformer/registry.go:41.42,46.2 4 1
github.com/iimmutable/cc-modelrouter/internal/transformer/registry.go:49.37,54.35 4 1
github.com/iimmutable/cc-modelrouter/internal/transformer/registry.go:54.35,56.3 1 1
github.com/iimmutable/cc-modelrouter/internal/transformer/registry.go:57.2,57.14 1 1
github.com/iimmutable/cc-modelrouter/internal/proxy/compactor.go:43.103,44.42 1 1
github.com/iimmutable/cc-modelrouter/internal/proxy/compactor.go:44.42,46.3 1 1
github.com/iimmutable/cc-modelrouter/internal/proxy/compactor.go:48.2,49.78 2 1
github.com/iimmutable/cc-modelrouter/internal/proxy/compactor.go:49.78,51.3 1 1
github.com/iimmutable/cc-modelrouter/internal/proxy/compactor.go:51.8,54.3 1 1
github.com/iimmutable/cc-modelrouter/internal/proxy/compactor.go:56.2,61.3 1 1
github.com/iimmutable/cc-modelrouter/internal/proxy/compactor.go:65.55,67.2 1 1
github.com/iimmutable/cc-modelrouter/internal/proxy/compactor.go:70.87,72.2 1 1
github.com/iimmutable/cc-modelrouter/internal/proxy/compactor.go:77.37,79.2 1 1
github.com/iimmutable/cc-modelrouter/internal/proxy/compactor.go:81.163,86.16 3 0
github.com/iimmutable/cc-modelrouter/internal/proxy/compactor.go:86.16,88.3 1 0
github.com/iimmutable/cc-modelrouter/internal/proxy/compactor.go:91.2,94.35 3 0
[...]
github.com/iimmutable/cc-modelrouter/internal/transformer/transformers/glm_anthropic.go:101.2,103.25 3 1
github.com/iimmutable/cc-modelrouter/internal/transformer/transformers/glm_anthropic.go:103.25,105.3 1 0
github.com/iimmutable/cc-modelrouter/internal/transformer/transformers/glm_anthropic.go:105.8,107.3 1 1
github.com/iimmutable/cc-modelrouter/internal/transformer/transformers/glm_anthropic.go:110.2,111.49 2 1
github.com/iimmutable/cc-modelrouter/internal/transformer/transformers/glm_anthropic.go:111.49,113.3 1 1
github.com/iimmutable/cc-modelrouter/internal/transformer/transformers/glm_anthropic.go:115.2,119.16 3 1
github.com/iimmutable/cc-modelrouter/internal/transformer/transformers/glm_anthropic.go:119.16,121.3 1 0
github.com/iimmutable/cc-modelrouter/internal/transformer/transformers/glm_anthropic.go:127.2,129.50 3 1
github.com/iimmutable/cc-modelrouter/internal/transformer/transformers/glm_anthropic.go:129.50,131.3 1 1
github.com/iimmutable/cc-modelrouter/internal/transformer/transformers/glm_anthropic.go:134.2,142.21 7 1
github.com/iimmutable/cc-modelrouter/internal/transformer/transformers/glm_anthropic.go:146.99,148.2 1 0
github.com/iimmutable/cc-modelrouter/internal/transformer/transformers/glm_anthropic.go:151.60,153.2 1 0
github.com/iimmutable/cc-modelrouter/internal/transformer/transformers/glm_anthropic.go:156.117,158.2 1 0
github.com/iimmutable/cc-modelrouter/internal/transformer/transformers/openai.go:34.48,39.2 1 1
github.com/iimmutable/cc-modelrouter/internal/transformer/transformers/openai.go:109.47,111.2 1 0
github.com/iimmutable/cc-modelrouter/internal/transformer/transformers/openai.go:114.122,119.16 3 1
github.com/iimmutable/cc-modelrouter/internal/transformer/transformers/openai.go:119.16,121.3 1 0
github.com/iimmutable/cc-modelrouter/internal/transformer/transformers/openai.go:123.2,124.54 2 1
github.com/iimmutable/cc-modelrouter/internal/transformer/transformers/openai.go:124.54,126.3 1 0
github.com/iimmutable/cc-modelrouter/internal/transformer/transformers/openai.go:128.2,129.16 2 1
github.com/iimmutable/cc-modelrouter/internal/transformer/transformers/openai.go:129.16,131.3 1 0
github.com/iimmutable/cc-modelrouter/internal/transformer/transformers/openai.go:137.2,139.50 3 1
github.com/iimmutable/cc-modelrouter/internal/transformer/transformers/openai.go:139.50,141.3 1 0
github.com/iimmutable/cc-modelrouter/internal/transformer/transformers/openai.go:143.2,148.21 5 1
github.com/iimmutable/cc-modelrouter/internal/transformer/transformers/openai.go:152.98,160.35 2 1
github.com/iimmutable/cc-modelrouter/internal/transformer/transformers/openai.go:160.35,166.3 2 1
github.com/iimmutable/cc-modelrouter/internal/transformer/transformers/openai.go:169.2,169.33 1 1
github.com/iimmutable/cc-modelrouter/internal/transformer/transformers/openai.go:169.33,175.3 5 0
github.com/iimmutable/cc-modelrouter/internal/transformer/transformers/openai.go:177.2,177.18 1 1
github.com/iimmutable/cc-modelrouter/internal/transformer/transformers/openai.go:182.90,185.32 2 1
github.com/iimmutable/cc-modelrouter/internal/transformer/transformers/openai.go:185.32,186.27 1 1
github.com/iimmutable/cc-modelrouter/internal/transformer/transformers/openai.go:186.27,188.9 2 1
github.com/iimmutable/cc-modelrouter/internal/transformer/transformers/openai.go:193.2,193.17 1 1
github.com/iimmutable/cc-modelrouter/internal/transformer/transformers/openai.go:193.17,195.33 2 1
github.com/iimmutable/cc-modelrouter/internal/transformer/transformers/openai.go:195.33,197.4 1 1
github.com/iimmutable/cc-modelrouter/internal/transformer/transformers/openai.go:198.3,198.35 1 1
github.com/iimmutable/cc-modelrouter/internal/transformer/transformers/openai.go:202.2,203.32 2 1
github.com/iimmutable/cc-modelrouter/internal/transformer/transformers/openai.go:203.32,204.21 1 1
github.com/iimmutable/cc-modelrouter/internal/transformer/transformers/openai.go:205.15,209.6 1 1
github.com/iimmutable/cc-modelrouter/internal/transformer/transformers/openai.go:211.16,215.27 1 1
github.com/iimmutable/cc-modelrouter/internal/transformer/transformers/openai.go:215.27,223.5 2 1
github.com/iimmutable/cc-modelrouter/internal/transformer/transformers/openai.go:225.19,231.25 2 1
github.com/iimmutable/cc-modelrouter/internal/transformer/transformers/openai.go:231.25,233.5 1 1
github.com/iimmutable/cc-modelrouter/internal/transformer/transformers/openai.go:233.10,235.5 1 0
github.com/iimmutable/cc-modelrouter/internal/transformer/transformers/openai.go:236.4,240.193 2 1
github.com/iimmutable/cc-modelrouter/internal/transformer/transformers/openai.go:242.19,244.91 1 0
github.com/iimmutable/cc-modelrouter/internal/transformer/transformers/openai.go:246.19,248.85 1 0
github.com/iimmutable/cc-modelrouter/internal/transformer/transformers/openai.go:250.22,252.54 1 0
github.com/iimmutable/cc-modelrouter/internal/transformer/transformers/openai.go:252.54,258.5 2 0
github.com/iimmutable/cc-modelrouter/internal/transformer/transformers/openai.go:260.11,262.100 1 0
github.com/iimmutable/cc-modelrouter/internal/transformer/transformers/openai.go:266.2,266.14 1 1
github.com/iimmutable/cc-modelrouter/internal/transformer/transformers/openai.go:270.93,272.32 2 0
github.com/iimmutable/cc-modelrouter/internal/transformer/transformers/openai.go:272.32,273.27 1 0
github.com/iimmutable/cc-modelrouter/internal/transformer/transformers/openai.go:273.27,275.4 1 0
github.com/iimmutable/cc-modelrouter/internal/transformer/transformers/openai.go:277.2,277.34 1 0
github.com/iimmutable/cc-modelrouter/internal/transformer/transformers/openai.go:281.93,282.28 1 0
github.com/iimmutable/cc-modelrouter/internal/transformer/transformers/openai.go:282.28,285.3 2 0
github.com/iimmutable/cc-modelrouter/internal/transformer/transformers/openai.go:287.2,288.71 2 0
github.com/iimmutable/cc-modelrouter/internal/transformer/transformers/openai.go:288.71,290.3 1 0
github.com/iimmutable/cc-modelrouter/internal/transformer/transformers/openai.go:292.2,292.48 1 0
github.com/iimmutable/cc-modelrouter/internal/transformer/transformers/openai.go:296.105,297.28 1 0
github.com/iimmutable/cc-modelrouter/internal/transformer/transformers/openai.go:297.28,299.3 1 0
github.com/iimmutable/cc-modelrouter/internal/transformer/transformers/openai.go:301.2,315.34 3 0
github.com/iimmutable/cc-modelrouter/internal/transformer/transformers/openai.go:315.34,320.3 1 0
github.com/iimmutable/cc-modelrouter/internal/transformer/transformers/openai.go:323.2,323.52 1 0
github.com/iimmutable/cc-modelrouter/internal/transformer/transformers/openai.go:323.52,325.22 2 0
github.com/iimmutable/cc-modelrouter/internal/transformer/transformers/openai.go:325.22,327.4 1 0
github.com/iimmutable/cc-modelrouter/internal/transformer/transformers/openai.go:327.9,327.44 1 0
github.com/iimmutable/cc-modelrouter/internal/transformer/transformers/openai.go:327.44,329.4 1 0
github.com/iimmutable/cc-modelrouter/internal/transformer/transformers/openai.go:330.3,335.5 1 0
github.com/iimmutable/cc-modelrouter/internal/transformer/transformers/openai.go:338.2,338.20 1 0
github.com/iimmutable/cc-modelrouter/internal/transformer/transformers/openai.go:342.54,344.2 1 0
github.com/iimmutable/cc-modelrouter/internal/transformer/transformers/openai.go:347.51,350.2 2 0
github.com/iimmutable/cc-modelrouter/internal/transformer/transformers/openai.go:353.82,371.16 3 0
github.com/iimmutable/cc-modelrouter/internal/transformer/transformers/openai.go:371.16,374.3 2 0
github.com/iimmutable/cc-modelrouter/internal/transformer/transformers/openai.go:375.2,375.20 1 0
github.com/iimmutable/cc-modelrouter/internal/transformer/transformers/openai.go:375.20,378.3 2 0
github.com/iimmutable/cc-modelrouter/internal/transformer/transformers/openai.go:379.2,382.8 1 0
github.com/iimmutable/cc-modelrouter/internal/transformer/transformers/openai.go:386.102,389.31 2 0
github.com/iimmutable/cc-modelrouter/internal/transformer/transformers/openai.go:389.31,391.10 2 0
github.com/iimmutable/cc-modelrouter/internal/transformer/transformers/openai.go:391.10,393.12 2 0
github.com/iimmutable/cc-modelrouter/internal/transformer/transformers/openai.go:396.3,397.16 2 0
github.com/iimmutable/cc-modelrouter/internal/transformer/transformers/openai.go:397.16,399.12 2 0
github.com/iimmutable/cc-modelrouter/internal/transformer/transformers/openai.go:401.3,404.14 3 0
github.com/iimmutable/cc-modelrouter/internal/transformer/transformers/openai.go:404.14,409.4 2 0
github.com/iimmutable/cc-modelrouter/internal/transformer/transformers/openai.go:411.3,416.82 5 0
github.com/iimmutable/cc-modelrouter/internal/transformer/transformers/openai.go:416.82,417.49 1 0
github.com/iimmutable/cc-modelrouter/internal/transformer/transformers/openai.go:417.49,419.5 1 0
github.com/iimmutable/cc-modelrouter/internal/transformer/transformers/openai.go:420.4,420.54 1 0
github.com/iimmutable/cc-modelrouter/internal/transformer/transformers/openai.go:420.54,422.5 1 0
github.com/iimmutable/cc-modelrouter/internal/transformer/transformers/openai.go:425.3,428.28 2 0
github.com/iimmutable/cc-modelrouter/internal/transformer/transformers/openai.go:428.28,432.4 3 0
github.com/iimmutable/cc-modelrouter/internal/transformer/transformers/openai.go:433.3,433.25 1 0
github.com/iimmutable/cc-modelrouter/internal/transformer/transformers/openai.go:433.25,437.4 3 0
github.com/iimmutable/cc-modelrouter/internal/transformer/transformers/openai.go:439.3,439.53 1 0
github.com/iimmutable/cc-modelrouter/internal/transformer/transformers/openai.go:439.53,452.18 4 0
github.com/iimmutable/cc-modelrouter/internal/transformer/transformers/openai.go:452.18,454.5 1 0
github.com/iimmutable/cc-modelrouter/internal/transformer/transformers/openai.go:455.4,455.27 1 0
github.com/iimmutable/cc-modelrouter/internal/transformer/transformers/openai.go:455.27,457.5 1 0
github.com/iimmutable/cc-modelrouter/internal/transformer/transformers/openai.go:458.4,462.124 2 0
github.com/iimmutable/cc-modelrouter/internal/transformer/transformers/openai.go:465.3,465.25 1 0
github.com/iimmutable/cc-modelrouter/internal/transformer/transformers/openai.go:465.25,477.18 4 0
github.com/iimmutable/cc-modelrouter/internal/transformer/transformers/openai.go:477.18,479.5 1 0
github.com/iimmutable/cc-modelrouter/internal/transformer/transformers/openai.go:480.4,480.27 1 0
github.com/iimmutable/cc-modelrouter/internal/transformer/transformers/openai.go:480.27,482.5 1 0
github.com/iimmutable/cc-modelrouter/internal/transformer/transformers/openai.go:483.4,487.114 2 0
github.com/iimmutable/cc-modelrouter/internal/transformer/transformers/openai.go:491.2,491.22 1 0
github.com/iimmutable/cc-modelrouter/internal/transformer/transformers/openai.go:491.22,494.3 2 0
github.com/iimmutable/cc-modelrouter/internal/transformer/transformers/openai.go:496.2,496.20 1 0
github.com/iimmutable/cc-modelrouter/internal/transformer/transformers/openai.go:500.65,501.16 1 0
github.com/iimmutable/cc-modelrouter/internal/transformer/transformers/openai.go:502.14,503.20 1 0
github.com/iimmutable/cc-modelrouter/internal/transformer/transformers/openai.go:504.16,505.22 1 0
github.com/iimmutable/cc-modelrouter/internal/transformer/transformers/openai.go:506.20,507.20 1 0
github.com/iimmutable/cc-modelrouter/internal/transformer/transformers/openai.go:508.24,509.25 1 0
github.com/iimmutable/cc-modelrouter/internal/transformer/transformers/openai.go:510.10,511.20 1 0
github.com/iimmutable/cc-modelrouter/internal/transformer/transformers/openai.go:516.111,520.65 3 0
github.com/iimmutable/cc-modelrouter/internal/transformer/transformers/openai.go:520.65,523.3 2 0
github.com/iimmutable/cc-modelrouter/internal/transformer/transformers/openai.go:525.2,530.35 3 0
github.com/iimmutable/cc-modelrouter/internal/transformer/transformers/openai.go:530.35,532.29 2 0
github.com/iimmutable/cc-modelrouter/internal/transformer/transformers/openai.go:532.29,534.10 2 0
github.com/iimmutable/cc-modelrouter/internal/transformer/transformers/openai.go:534.10,537.50 3 0
github.com/iimmutable/cc-modelrouter/internal/transformer/transformers/openai.go:537.50,542.20 2 0
github.com/iimmutable/cc-modelrouter/internal/transformer/transformers/openai.go:542.20,544.7 1 0
github.com/iimmutable/cc-modelrouter/internal/transformer/transformers/openai.go:545.6,545.28 1 0
github.com/iimmutable/cc-modelrouter/internal/transformer/transformers/openai.go:545.28,547.7 1 0
github.com/iimmutable/cc-modelrouter/internal/transformer/transformers/openai.go:548.6,555.18 4 0
github.com/iimmutable/cc-modelrouter/internal/transformer/transformers/openai.go:555.18,557.13 2 0
github.com/iimmutable/cc-modelrouter/internal/transformer/transformers/openai.go:557.13,559.27 2 0
github.com/iimmutable/cc-modelrouter/internal/transformer/transformers/openai.go:559.27,571.23 4 0
github.com/iimmutable/cc-modelrouter/internal/transformer/transformers/openai.go:571.23,573.10 1 0
github.com/iimmutable/cc-modelrouter/internal/transformer/transformers/openai.go:574.9,574.32 1 0
github.com/iimmutable/cc-modelrouter/internal/transformer/transformers/openai.go:574.32,576.10 1 0
github.com/iimmutable/cc-modelrouter/internal/transformer/transformers/openai.go:577.9,581.117 2 0
github.com/iimmutable/cc-modelrouter/internal/transformer/transformers/openai.go:586.6,589.20 2 0
github.com/iimmutable/cc-modelrouter/internal/transformer/transformers/openai.go:589.20,591.7 1 0
github.com/iimmutable/cc-modelrouter/internal/transformer/transformers/openai.go:592.6,592.35 1 0
github.com/iimmutable/cc-modelrouter/internal/transformer/transformers/openai.go:592.35,594.7 1 0
github.com/iimmutable/cc-modelrouter/internal/transformer/transformers/openai.go:595.6,601.24 4 0
github.com/iimmutable/cc-modelrouter/internal/transformer/transformers/openai.go:608.2,608.35 1 0
github.com/iimmutable/cc-modelrouter/internal/transformer/transformers/openai.go:608.35,610.29 2 0
github.com/iimmutable/cc-modelrouter/internal/transformer/transformers/openai.go:610.29,612.10 2 0
github.com/iimmutable/cc-modelrouter/internal/transformer/transformers/openai.go:612.10,614.11 2 0
github.com/iimmutable/cc-modelrouter/internal/transformer/transformers/openai.go:614.11,617.37 3 0
github.com/iimmutable/cc-modelrouter/internal/transformer/transformers/openai.go:617.37,619.28 2 0
github.com/iimmutable/cc-modelrouter/internal/transformer/transformers/openai.go:619.28,621.22 2 0
github.com/iimmutable/cc-modelrouter/internal/transformer/transformers/openai.go:621.22,623.9 1 0
github.com/iimmutable/cc-modelrouter/internal/transformer/transformers/openai.go:624.8,624.34 1 0
github.com/iimmutable/cc-modelrouter/internal/transformer/transformers/openai.go:624.34,628.9 3 0
github.com/iimmutable/cc-modelrouter/internal/transformer/transformers/openai.go:631.7,640.21 3 0
github.com/iimmutable/cc-modelrouter/internal/transformer/transformers/openai.go:640.21,642.8 1 0
github.com/iimmutable/cc-modelrouter/internal/transformer/transformers/openai.go:643.7,643.25 1 0
github.com/iimmutable/cc-modelrouter/internal/transformer/transformers/openai.go:643.25,645.8 1 0
github.com/iimmutable/cc-modelrouter/internal/transformer/transformers/openai.go:646.7,651.25 3 0
github.com/iimmutable/cc-modelrouter/internal/transformer/transformers/openai.go:654.6,654.100 1 0
github.com/iimmutable/cc-modelrouter/internal/transformer/transformers/openai.go:654.100,658.28 3 0
github.com/iimmutable/cc-modelrouter/internal/transformer/transformers/openai.go:658.28,660.22 2 0
github.com/iimmutable/cc-modelrouter/internal/transformer/transformers/openai.go:660.22,662.9 1 0
github.com/iimmutable/cc-modelrouter/internal/transformer/transformers/openai.go:663.8,663.34 1 0
github.com/iimmutable/cc-modelrouter/internal/transformer/transformers/openai.go:663.34,667.9 3 0
github.com/iimmutable/cc-modelrouter/internal/transformer/transformers/openai.go:670.7,671.21 2 0
github.com/iimmutable/cc-modelrouter/internal/transformer/transformers/openai.go:671.21,673.8 1 0
github.com/iimmutable/cc-modelrouter/internal/transformer/transformers/openai.go:674.7,675.25 2 0
github.com/iimmutable/cc-modelrouter/internal/transformer/transformers/openai.go:682.2,682.62 1 0
github.com/iimmutable/cc-modelrouter/internal/transformer/transformers/openai.go:682.62,683.36 1 0
github.com/iimmutable/cc-modelrouter/internal/transformer/transformers/openai.go:683.36,686.4 2 0
github.com/iimmutable/cc-modelrouter/internal/transformer/transformers/openai.go:689.2,690.44 2 0
github.com/iimmutable/cc-modelrouter/internal/transformer/transformers/openrouter.go:33.56,37.2 1 1
github.com/iimmutable/cc-modelrouter/internal/transformer/transformers/openrouter.go:40.47,42.2 1 0
github.com/iimmutable/cc-modelrouter/internal/transformer/transformers/openrouter.go:45.51,47.2 1 0
github.com/iimmutable/cc-modelrouter/internal/transformer/transformers/openrouter.go:62.126,69.16 3 1
github.com/iimmutable/cc-modelrouter/internal/transformer/transformers/openrouter.go:69.16,71.3 1 0
github.com/iimmutable/cc-modelrouter/internal/transformer/transformers/openrouter.go:72.2,72.58 1 1
github.com/iimmutable/cc-modelrouter/internal/transformer/transformers/openrouter.go:72.58,74.3 1 0
github.com/iimmutable/cc-modelrouter/internal/transformer/transformers/openrouter.go:75.2,110.34 6 1
github.com/iimmutable/cc-modelrouter/internal/transformer/transformers/openrouter.go:110.34,111.46 1 1
github.com/iimmutable/cc-modelrouter/internal/transformer/transformers/openrouter.go:111.46,112.57 1 1
github.com/iimmutable/cc-modelrouter/internal/transformer/transformers/openrouter.go:112.57,113.25 1 1
github.com/iimmutable/cc-modelrouter/internal/transformer/transformers/openrouter.go:113.25,120.6 1 1
github.com/iimmutable/cc-modelrouter/internal/transformer/transformers/openrouter.go:120.11,124.118 1 1
github.com/iimmutable/cc-modelrouter/internal/transformer/transformers/openrouter.go:124.118,126.7 1 1
github.com/iimmutable/cc-modelrouter/internal/transformer/transformers/openrouter.go:132.2,133.16 2 1
github.com/iimmutable/cc-modelrouter/internal/transformer/transformers/openrouter.go:133.16,135.3 1 0
github.com/iimmutable/cc-modelrouter/internal/transformer/transformers/openrouter.go:138.2,139.25 2 1
github.com/iimmutable/cc-modelrouter/internal/transformer/transformers/openrouter.go:139.25,141.3 1 0
github.com/iimmutable/cc-modelrouter/internal/transformer/transformers/openrouter.go:141.8,143.3 1 1
github.com/iimmutable/cc-modelrouter/internal/transformer/transformers/openrouter.go:146.2,146.39 1 1
github.com/iimmutable/cc-modelrouter/internal/transformer/transformers/openrouter.go:146.39,147.37 1 1
github.com/iimmutable/cc-modelrouter/internal/transformer/transformers/openrouter.go:147.37,148.32 1 1
github.com/iimmutable/cc-modelrouter/internal/transformer/transformers/openrouter.go:148.32,150.23 2 1
github.com/iimmutable/cc-modelrouter/internal/transformer/transformers/openrouter.go:150.23,152.6 1 1
github.com/iimmutable/cc-modelrouter/internal/transformer/transformers/openrouter.go:153.5,154.42 1 1
github.com/iimmutable/cc-modelrouter/internal/transformer/transformers/openrouter.go:159.2,160.63 2 1
github.com/iimmutable/cc-modelrouter/internal/transformer/transformers/openrouter.go:160.63,162.3 1 1
github.com/iimmutable/cc-modelrouter/internal/transformer/transformers/openrouter.go:164.2,165.16 2 1
github.com/iimmutable/cc-modelrouter/internal/transformer/transformers/openrouter.go:165.16,167.3 1 0
github.com/iimmutable/cc-modelrouter/internal/transformer/transformers/openrouter.go:173.2,175.50 3 1
github.com/iimmutable/cc-modelrouter/internal/transformer/transformers/openrouter.go:175.50,177.3 1 1
github.com/iimmutable/cc-modelrouter/internal/transformer/transformers/openrouter.go:179.2,185.21 6 1
github.com/iimmutable/cc-modelrouter/internal/transformer/transformers/openrouter.go:189.97,191.2 1 0
github.com/iimmutable/cc-modelrouter/internal/transformer/transformers/openrouter.go:194.58,196.2 1 0
github.com/iimmutable/cc-modelrouter/internal/transformer/transformers/openrouter.go:199.115,201.2 1 0
